{"/Users/kevintran/Projects/MadeForSeconds/src/App.tsx": {"path":"/Users/kevintran/Projects/MadeForSeconds/src/App.tsx","statementMap":{"0":{"start":{"line":20,"column":6},"end":{"line":53,"column":null}},"1":{"start":{"line":56,"column":2},"end":{"line":59,"column":null}}},"fnMap":{"0":{"name":"App","decl":{"start":{"line":55,"column":16},"end":{"line":55,"column":22}},"loc":{"start":{"line":55,"column":22},"end":{"line":61,"column":null}},"line":55}},"branchMap":{},"s":{"0":0,"1":0},"f":{"0":0},"b":{},"meta":{"lastBranch":0,"lastFunction":1,"lastStatement":2,"seen":{"s:20:6:53:Infinity":0,"f:55:16:55:22":0,"s:56:2:59:Infinity":1}}}
,"/Users/kevintran/Projects/MadeForSeconds/src/components/admin/AdminRoute.tsx": {"path":"/Users/kevintran/Projects/MadeForSeconds/src/components/admin/AdminRoute.tsx","statementMap":{"0":{"start":{"line":6,"column":18},"end":{"line":6,"column":null}},"1":{"start":{"line":7,"column":8},"end":{"line":7,"column":null}},"2":{"start":{"line":8,"column":19},"end":{"line":8,"column":null}},"3":{"start":{"line":10,"column":2},"end":{"line":19,"column":null}},"4":{"start":{"line":11,"column":4},"end":{"line":13,"column":null}},"5":{"start":{"line":12,"column":6},"end":{"line":12,"column":null}},"6":{"start":{"line":14,"column":4},"end":{"line":17,"column":null}},"7":{"start":{"line":16,"column":35},"end":{"line":16,"column":50}},"8":{"start":{"line":21,"column":2},"end":{"line":21,"column":null}}},"fnMap":{"0":{"name":"AdminRoute","decl":{"start":{"line":5,"column":16},"end":{"line":5,"column":29}},"loc":{"start":{"line":5,"column":29},"end":{"line":22,"column":null}},"line":5},"1":{"name":"(anonymous_1)","decl":{"start":{"line":16,"column":29},"end":{"line":16,"column":35}},"loc":{"start":{"line":16,"column":35},"end":{"line":16,"column":50}},"line":16}},"branchMap":{"0":{"loc":{"start":{"line":10,"column":2},"end":{"line":19,"column":null}},"type":"if","locations":[{"start":{"line":10,"column":2},"end":{"line":19,"column":null}},{"start":{},"end":{}}],"line":10},"1":{"loc":{"start":{"line":11,"column":4},"end":{"line":13,"column":null}},"type":"if","locations":[{"start":{"line":11,"column":4},"end":{"line":13,"column":null}},{"start":{},"end":{}}],"line":11}},"s":{"0":0,"1":0,"2":0,"3":0,"4":0,"5":0,"6":0,"7":0,"8":0},"f":{"0":0,"1":0},"b":{"0":[0,0],"1":[0,0]},"meta":{"lastBranch":2,"lastFunction":2,"lastStatement":9,"seen":{"f:5:16:5:29":0,"s:6:18:6:Infinity":0,"s:7:8:7:Infinity":1,"s:8:19:8:Infinity":2,"b:10:2:19:Infinity:undefined:undefined:undefined:undefined":0,"s:10:2:19:Infinity":3,"b:11:4:13:Infinity:undefined:undefined:undefined:undefined":1,"s:11:4:13:Infinity":4,"s:12:6:12:Infinity":5,"s:14:4:17:Infinity":6,"f:16:29:16:35":1,"s:16:35:16:50":7,"s:21:2:21:Infinity":8}}}
,"/Users/kevintran/Projects/MadeForSeconds/src/components/admin/ComponentEditor.tsx": {"path":"/Users/kevintran/Projects/MadeForSeconds/src/components/admin/ComponentEditor.tsx","statementMap":{"0":{"start":{"line":7,"column":23},"end":{"line":7,"column":null}},"1":{"start":{"line":10,"column":2},"end":{"line":18,"column":null}},"2":{"start":{"line":28,"column":4},"end":{"line":28,"column":null}},"3":{"start":{"line":28,"column":40},"end":{"line":28,"column":null}},"4":{"start":{"line":29,"column":4},"end":{"line":29,"column":null}},"5":{"start":{"line":33,"column":4},"end":{"line":33,"column":null}},"6":{"start":{"line":33,"column":36},"end":{"line":33,"column":47}},"7":{"start":{"line":37,"column":4},"end":{"line":37,"column":null}},"8":{"start":{"line":37,"column":34},"end":{"line":37,"column":75}},"9":{"start":{"line":40,"column":2},"end":{"line":139,"column":null}},"10":{"start":{"line":43,"column":8},"end":{"line":128,"column":null}},"11":{"start":{"line":52,"column":31},"end":{"line":52,"column":null}},"12":{"start":{"line":66,"column":31},"end":{"line":66,"column":null}},"13":{"start":{"line":77,"column":33},"end":{"line":77,"column":null}},"14":{"start":{"line":91,"column":33},"end":{"line":91,"column":null}},"15":{"start":{"line":99,"column":33},"end":{"line":99,"column":null}},"16":{"start":{"line":105,"column":33},"end":{"line":105,"column":null}},"17":{"start":{"line":115,"column":36},"end":{"line":115,"column":null}},"18":{"start":{"line":124,"column":37},"end":{"line":124,"column":null}}},"fnMap":{"0":{"name":"emptyComponent","decl":{"start":{"line":9,"column":9},"end":{"line":9,"column":43}},"loc":{"start":{"line":9,"column":43},"end":{"line":19,"column":null}},"line":9},"1":{"name":"ComponentEditor","decl":{"start":{"line":26,"column":16},"end":{"line":26,"column":32}},"loc":{"start":{"line":26,"column":75},"end":{"line":141,"column":null}},"line":26},"2":{"name":"add","decl":{"start":{"line":27,"column":11},"end":{"line":27,"column":17}},"loc":{"start":{"line":27,"column":17},"end":{"line":30,"column":null}},"line":27},"3":{"name":"remove","decl":{"start":{"line":32,"column":11},"end":{"line":32,"column":18}},"loc":{"start":{"line":32,"column":33},"end":{"line":34,"column":null}},"line":32},"4":{"name":"(anonymous_4)","decl":{"start":{"line":33,"column":26},"end":{"line":33,"column":27}},"loc":{"start":{"line":33,"column":36},"end":{"line":33,"column":47}},"line":33},"5":{"name":"update","decl":{"start":{"line":36,"column":11},"end":{"line":36,"column":51}},"loc":{"start":{"line":36,"column":101},"end":{"line":38,"column":null}},"line":36},"6":{"name":"(anonymous_6)","decl":{"start":{"line":37,"column":23},"end":{"line":37,"column":24}},"loc":{"start":{"line":37,"column":34},"end":{"line":37,"column":75}},"line":37},"7":{"name":"(anonymous_7)","decl":{"start":{"line":42,"column":17},"end":{"line":42,"column":18}},"loc":{"start":{"line":43,"column":8},"end":{"line":128,"column":null}},"line":43},"8":{"name":"(anonymous_8)","decl":{"start":{"line":52,"column":25},"end":{"line":52,"column":31}},"loc":{"start":{"line":52,"column":31},"end":{"line":52,"column":null}},"line":52},"9":{"name":"(anonymous_9)","decl":{"start":{"line":66,"column":24},"end":{"line":66,"column":25}},"loc":{"start":{"line":66,"column":31},"end":{"line":66,"column":null}},"line":66},"10":{"name":"(anonymous_10)","decl":{"start":{"line":77,"column":26},"end":{"line":77,"column":27}},"loc":{"start":{"line":77,"column":33},"end":{"line":77,"column":null}},"line":77},"11":{"name":"(anonymous_11)","decl":{"start":{"line":91,"column":26},"end":{"line":91,"column":27}},"loc":{"start":{"line":91,"column":33},"end":{"line":91,"column":null}},"line":91},"12":{"name":"(anonymous_12)","decl":{"start":{"line":99,"column":26},"end":{"line":99,"column":27}},"loc":{"start":{"line":99,"column":33},"end":{"line":99,"column":null}},"line":99},"13":{"name":"(anonymous_13)","decl":{"start":{"line":105,"column":26},"end":{"line":105,"column":27}},"loc":{"start":{"line":105,"column":33},"end":{"line":105,"column":null}},"line":105},"14":{"name":"(anonymous_14)","decl":{"start":{"line":115,"column":26},"end":{"line":115,"column":27}},"loc":{"start":{"line":115,"column":36},"end":{"line":115,"column":null}},"line":115},"15":{"name":"(anonymous_15)","decl":{"start":{"line":124,"column":26},"end":{"line":124,"column":27}},"loc":{"start":{"line":124,"column":37},"end":{"line":124,"column":null}},"line":124}},"branchMap":{"0":{"loc":{"start":{"line":28,"column":4},"end":{"line":28,"column":null}},"type":"if","locations":[{"start":{"line":28,"column":4},"end":{"line":28,"column":null}},{"start":{},"end":{}}],"line":28},"1":{"loc":{"start":{"line":37,"column":34},"end":{"line":37,"column":75}},"type":"cond-expr","locations":[{"start":{"line":37,"column":48},"end":{"line":37,"column":73}},{"start":{"line":37,"column":73},"end":{"line":37,"column":75}}],"line":37},"2":{"loc":{"start":{"line":49,"column":13},"end":{"line":56,"column":null}},"type":"binary-expr","locations":[{"start":{"line":49,"column":13},"end":{"line":49,"column":null}},{"start":{"line":50,"column":14},"end":{"line":56,"column":null}}],"line":49},"3":{"loc":{"start":{"line":76,"column":23},"end":{"line":76,"column":null}},"type":"binary-expr","locations":[{"start":{"line":76,"column":23},"end":{"line":76,"column":43}},{"start":{"line":76,"column":43},"end":{"line":76,"column":null}}],"line":76},"4":{"loc":{"start":{"line":77,"column":58},"end":{"line":77,"column":80}},"type":"binary-expr","locations":[{"start":{"line":77,"column":58},"end":{"line":77,"column":76}},{"start":{"line":77,"column":76},"end":{"line":77,"column":80}}],"line":77},"5":{"loc":{"start":{"line":90,"column":23},"end":{"line":90,"column":null}},"type":"binary-expr","locations":[{"start":{"line":90,"column":23},"end":{"line":90,"column":49}},{"start":{"line":90,"column":49},"end":{"line":90,"column":null}}],"line":90},"6":{"loc":{"start":{"line":91,"column":64},"end":{"line":91,"column":112}},"type":"cond-expr","locations":[{"start":{"line":91,"column":81},"end":{"line":91,"column":108}},{"start":{"line":91,"column":108},"end":{"line":91,"column":112}}],"line":91},"7":{"loc":{"start":{"line":98,"column":23},"end":{"line":98,"column":null}},"type":"binary-expr","locations":[{"start":{"line":98,"column":23},"end":{"line":98,"column":49}},{"start":{"line":98,"column":49},"end":{"line":98,"column":null}}],"line":98},"8":{"loc":{"start":{"line":99,"column":64},"end":{"line":99,"column":112}},"type":"cond-expr","locations":[{"start":{"line":99,"column":81},"end":{"line":99,"column":108}},{"start":{"line":99,"column":108},"end":{"line":99,"column":112}}],"line":99},"9":{"loc":{"start":{"line":104,"column":23},"end":{"line":104,"column":null}},"type":"binary-expr","locations":[{"start":{"line":104,"column":23},"end":{"line":104,"column":49}},{"start":{"line":104,"column":49},"end":{"line":104,"column":null}}],"line":104},"10":{"loc":{"start":{"line":105,"column":64},"end":{"line":105,"column":86}},"type":"binary-expr","locations":[{"start":{"line":105,"column":64},"end":{"line":105,"column":82}},{"start":{"line":105,"column":82},"end":{"line":105,"column":86}}],"line":105},"11":{"loc":{"start":{"line":131,"column":7},"end":{"line":134,"column":null}},"type":"binary-expr","locations":[{"start":{"line":131,"column":7},"end":{"line":131,"column":null}},{"start":{"line":132,"column":8},"end":{"line":134,"column":null}}],"line":131},"12":{"loc":{"start":{"line":133,"column":27},"end":{"line":133,"column":null}},"type":"cond-expr","locations":[{"start":{"line":133,"column":46},"end":{"line":133,"column":86}},{"start":{"line":133,"column":86},"end":{"line":133,"column":null}}],"line":133},"13":{"loc":{"start":{"line":136,"column":7},"end":{"line":137,"column":null}},"type":"binary-expr","locations":[{"start":{"line":136,"column":7},"end":{"line":136,"column":null}},{"start":{"line":137,"column":8},"end":{"line":137,"column":null}}],"line":136}},"s":{"0":0,"1":0,"2":0,"3":0,"4":0,"5":0,"6":0,"7":0,"8":0,"9":0,"10":0,"11":0,"12":0,"13":0,"14":0,"15":0,"16":0,"17":0,"18":0},"f":{"0":0,"1":0,"2":0,"3":0,"4":0,"5":0,"6":0,"7":0,"8":0,"9":0,"10":0,"11":0,"12":0,"13":0,"14":0,"15":0},"b":{"0":[0,0],"1":[0,0],"2":[0,0],"3":[0,0],"4":[0,0],"5":[0,0],"6":[0,0],"7":[0,0],"8":[0,0],"9":[0,0],"10":[0,0],"11":[0,0],"12":[0,0],"13":[0,0]},"meta":{"lastBranch":14,"lastFunction":16,"lastStatement":19,"seen":{"s:7:23:7:Infinity":0,"f:9:9:9:43":0,"s:10:2:18:Infinity":1,"f:26:16:26:32":1,"f:27:11:27:17":2,"b:28:4:28:Infinity:undefined:undefined:undefined:undefined":0,"s:28:4:28:Infinity":2,"s:28:40:28:Infinity":3,"s:29:4:29:Infinity":4,"f:32:11:32:18":3,"s:33:4:33:Infinity":5,"f:33:26:33:27":4,"s:33:36:33:47":6,"f:36:11:36:51":5,"s:37:4:37:Infinity":7,"f:37:23:37:24":6,"s:37:34:37:75":8,"b:37:48:37:73:37:73:37:75":1,"s:40:2:139:Infinity":9,"f:42:17:42:18":7,"s:43:8:128:Infinity":10,"b:49:13:49:Infinity:50:14:56:Infinity":2,"f:52:25:52:31":8,"s:52:31:52:Infinity":11,"f:66:24:66:25":9,"s:66:31:66:Infinity":12,"b:76:23:76:43:76:43:76:Infinity":3,"f:77:26:77:27":10,"s:77:33:77:Infinity":13,"b:77:58:77:76:77:76:77:80":4,"b:90:23:90:49:90:49:90:Infinity":5,"f:91:26:91:27":11,"s:91:33:91:Infinity":14,"b:91:81:91:108:91:108:91:112":6,"b:98:23:98:49:98:49:98:Infinity":7,"f:99:26:99:27":12,"s:99:33:99:Infinity":15,"b:99:81:99:108:99:108:99:112":8,"b:104:23:104:49:104:49:104:Infinity":9,"f:105:26:105:27":13,"s:105:33:105:Infinity":16,"b:105:64:105:82:105:82:105:86":10,"f:115:26:115:27":14,"s:115:36:115:Infinity":17,"f:124:26:124:27":15,"s:124:37:124:Infinity":18,"b:131:7:131:Infinity:132:8:134:Infinity":11,"b:133:46:133:86:133:86:133:Infinity":12,"b:136:7:136:Infinity:137:8:137:Infinity":13}}}
,"/Users/kevintran/Projects/MadeForSeconds/src/components/admin/ExpenseItemEditor.tsx": {"path":"/Users/kevintran/Projects/MadeForSeconds/src/components/admin/ExpenseItemEditor.tsx","statementMap":{"0":{"start":{"line":14,"column":4},"end":{"line":14,"column":null}},"1":{"start":{"line":18,"column":4},"end":{"line":18,"column":null}},"2":{"start":{"line":18,"column":36},"end":{"line":18,"column":47}},"3":{"start":{"line":22,"column":4},"end":{"line":32,"column":null}},"4":{"start":{"line":24,"column":8},"end":{"line":24,"column":null}},"5":{"start":{"line":24,"column":25},"end":{"line":24,"column":null}},"6":{"start":{"line":25,"column":24},"end":{"line":25,"column":null}},"7":{"start":{"line":27,"column":8},"end":{"line":29,"column":null}},"8":{"start":{"line":28,"column":10},"end":{"line":28,"column":null}},"9":{"start":{"line":30,"column":8},"end":{"line":30,"column":null}},"10":{"start":{"line":36,"column":4},"end":{"line":45,"column":null}},"11":{"start":{"line":38,"column":8},"end":{"line":38,"column":null}},"12":{"start":{"line":38,"column":25},"end":{"line":38,"column":null}},"13":{"start":{"line":39,"column":8},"end":{"line":41,"column":null}},"14":{"start":{"line":40,"column":10},"end":{"line":40,"column":null}},"15":{"start":{"line":42,"column":23},"end":{"line":42,"column":null}},"16":{"start":{"line":42,"column":43},"end":{"line":42,"column":60}},"17":{"start":{"line":43,"column":8},"end":{"line":43,"column":null}},"18":{"start":{"line":49,"column":4},"end":{"line":49,"column":null}},"19":{"start":{"line":51,"column":21},"end":{"line":51,"column":null}},"20":{"start":{"line":53,"column":2},"end":{"line":136,"column":null}},"21":{"start":{"line":67,"column":8},"end":{"line":131,"column":null}},"22":{"start":{"line":77,"column":31},"end":{"line":77,"column":null}},"23":{"start":{"line":84,"column":29},"end":{"line":84,"column":null}},"24":{"start":{"line":91,"column":31},"end":{"line":91,"column":null}},"25":{"start":{"line":96,"column":16},"end":{"line":98,"column":null}},"26":{"start":{"line":105,"column":29},"end":{"line":105,"column":null}},"27":{"start":{"line":113,"column":29},"end":{"line":113,"column":null}},"28":{"start":{"line":123,"column":27},"end":{"line":123,"column":null}}},"fnMap":{"0":{"name":"ExpenseItemEditor","decl":{"start":{"line":12,"column":16},"end":{"line":12,"column":34}},"loc":{"start":{"line":12,"column":93},"end":{"line":138,"column":null}},"line":12},"1":{"name":"add","decl":{"start":{"line":13,"column":11},"end":{"line":13,"column":17}},"loc":{"start":{"line":13,"column":17},"end":{"line":15,"column":null}},"line":13},"2":{"name":"remove","decl":{"start":{"line":17,"column":11},"end":{"line":17,"column":18}},"loc":{"start":{"line":17,"column":33},"end":{"line":19,"column":null}},"line":17},"3":{"name":"(anonymous_3)","decl":{"start":{"line":18,"column":26},"end":{"line":18,"column":27}},"loc":{"start":{"line":18,"column":36},"end":{"line":18,"column":47}},"line":18},"4":{"name":"update","decl":{"start":{"line":21,"column":11},"end":{"line":21,"column":18}},"loc":{"start":{"line":21,"column":98},"end":{"line":33,"column":null}},"line":21},"5":{"name":"(anonymous_5)","decl":{"start":{"line":23,"column":16},"end":{"line":23,"column":17}},"loc":{"start":{"line":23,"column":29},"end":{"line":31,"column":7}},"line":23},"6":{"name":"updateRecipe","decl":{"start":{"line":35,"column":11},"end":{"line":35,"column":24}},"loc":{"start":{"line":35,"column":57},"end":{"line":46,"column":null}},"line":35},"7":{"name":"(anonymous_7)","decl":{"start":{"line":37,"column":16},"end":{"line":37,"column":17}},"loc":{"start":{"line":37,"column":29},"end":{"line":44,"column":7}},"line":37},"8":{"name":"(anonymous_8)","decl":{"start":{"line":42,"column":36},"end":{"line":42,"column":37}},"loc":{"start":{"line":42,"column":43},"end":{"line":42,"column":60}},"line":42},"9":{"name":"(anonymous_9)","decl":{"start":{"line":66,"column":17},"end":{"line":66,"column":18}},"loc":{"start":{"line":67,"column":8},"end":{"line":131,"column":null}},"line":67},"10":{"name":"(anonymous_10)","decl":{"start":{"line":77,"column":24},"end":{"line":77,"column":25}},"loc":{"start":{"line":77,"column":31},"end":{"line":77,"column":null}},"line":77},"11":{"name":"(anonymous_11)","decl":{"start":{"line":84,"column":22},"end":{"line":84,"column":23}},"loc":{"start":{"line":84,"column":29},"end":{"line":84,"column":null}},"line":84},"12":{"name":"(anonymous_12)","decl":{"start":{"line":91,"column":24},"end":{"line":91,"column":25}},"loc":{"start":{"line":91,"column":31},"end":{"line":91,"column":null}},"line":91},"13":{"name":"(anonymous_13)","decl":{"start":{"line":95,"column":27},"end":{"line":95,"column":28}},"loc":{"start":{"line":96,"column":16},"end":{"line":98,"column":null}},"line":96},"14":{"name":"(anonymous_14)","decl":{"start":{"line":105,"column":22},"end":{"line":105,"column":23}},"loc":{"start":{"line":105,"column":29},"end":{"line":105,"column":null}},"line":105},"15":{"name":"(anonymous_15)","decl":{"start":{"line":113,"column":22},"end":{"line":113,"column":23}},"loc":{"start":{"line":113,"column":29},"end":{"line":113,"column":null}},"line":113},"16":{"name":"(anonymous_16)","decl":{"start":{"line":123,"column":21},"end":{"line":123,"column":27}},"loc":{"start":{"line":123,"column":27},"end":{"line":123,"column":null}},"line":123}},"branchMap":{"0":{"loc":{"start":{"line":12,"column":53},"end":{"line":12,"column":66}},"type":"default-arg","locations":[{"start":{"line":12,"column":63},"end":{"line":12,"column":66}}],"line":12},"1":{"loc":{"start":{"line":24,"column":8},"end":{"line":24,"column":null}},"type":"if","locations":[{"start":{"line":24,"column":8},"end":{"line":24,"column":null}},{"start":{},"end":{}}],"line":24},"2":{"loc":{"start":{"line":27,"column":8},"end":{"line":29,"column":null}},"type":"if","locations":[{"start":{"line":27,"column":8},"end":{"line":29,"column":null}},{"start":{},"end":{}}],"line":27},"3":{"loc":{"start":{"line":27,"column":12},"end":{"line":27,"column":60}},"type":"binary-expr","locations":[{"start":{"line":27,"column":12},"end":{"line":27,"column":36}},{"start":{"line":27,"column":36},"end":{"line":27,"column":60}}],"line":27},"4":{"loc":{"start":{"line":38,"column":8},"end":{"line":38,"column":null}},"type":"if","locations":[{"start":{"line":38,"column":8},"end":{"line":38,"column":null}},{"start":{},"end":{}}],"line":38},"5":{"loc":{"start":{"line":39,"column":8},"end":{"line":41,"column":null}},"type":"if","locations":[{"start":{"line":39,"column":8},"end":{"line":41,"column":null}},{"start":{},"end":{}}],"line":39},"6":{"loc":{"start":{"line":43,"column":60},"end":{"line":43,"column":82}},"type":"binary-expr","locations":[{"start":{"line":43,"column":60},"end":{"line":43,"column":77}},{"start":{"line":43,"column":77},"end":{"line":43,"column":82}}],"line":43},"7":{"loc":{"start":{"line":55,"column":7},"end":{"line":64,"column":null}},"type":"binary-expr","locations":[{"start":{"line":55,"column":7},"end":{"line":55,"column":null}},{"start":{"line":56,"column":8},"end":{"line":64,"column":null}}],"line":55},"8":{"loc":{"start":{"line":56,"column":43},"end":{"line":56,"column":157}},"type":"cond-expr","locations":[{"start":{"line":56,"column":56},"end":{"line":56,"column":108}},{"start":{"line":56,"column":108},"end":{"line":56,"column":157}}],"line":56},"9":{"loc":{"start":{"line":59,"column":11},"end":{"line":59,"column":null}},"type":"binary-expr","locations":[{"start":{"line":59,"column":11},"end":{"line":59,"column":25}},{"start":{"line":59,"column":25},"end":{"line":59,"column":null}}],"line":59},"10":{"loc":{"start":{"line":69,"column":48},"end":{"line":69,"column":162}},"type":"cond-expr","locations":[{"start":{"line":69,"column":61},"end":{"line":69,"column":113}},{"start":{"line":69,"column":113},"end":{"line":69,"column":162}}],"line":69},"11":{"loc":{"start":{"line":70,"column":12},"end":{"line":70,"column":null}},"type":"cond-expr","locations":[{"start":{"line":70,"column":36},"end":{"line":70,"column":51}},{"start":{"line":70,"column":51},"end":{"line":70,"column":null}}],"line":70},"12":{"loc":{"start":{"line":86,"column":40},"end":{"line":86,"column":83}},"type":"cond-expr","locations":[{"start":{"line":86,"column":64},"end":{"line":86,"column":81}},{"start":{"line":86,"column":81},"end":{"line":86,"column":83}}],"line":86},"13":{"loc":{"start":{"line":88,"column":11},"end":{"line":100,"column":null}},"type":"binary-expr","locations":[{"start":{"line":88,"column":11},"end":{"line":88,"column":null}},{"start":{"line":89,"column":12},"end":{"line":100,"column":null}}],"line":88},"14":{"loc":{"start":{"line":90,"column":21},"end":{"line":90,"column":null}},"type":"binary-expr","locations":[{"start":{"line":90,"column":21},"end":{"line":90,"column":39}},{"start":{"line":90,"column":39},"end":{"line":90,"column":null}}],"line":90},"15":{"loc":{"start":{"line":105,"column":51},"end":{"line":105,"column":82}},"type":"binary-expr","locations":[{"start":{"line":105,"column":51},"end":{"line":105,"column":81}},{"start":{"line":105,"column":81},"end":{"line":105,"column":82}}],"line":105},"16":{"loc":{"start":{"line":113,"column":75},"end":{"line":113,"column":96}},"type":"binary-expr","locations":[{"start":{"line":113,"column":75},"end":{"line":113,"column":93}},{"start":{"line":113,"column":93},"end":{"line":113,"column":96}}],"line":113}},"s":{"0":0,"1":0,"2":0,"3":0,"4":0,"5":0,"6":0,"7":0,"8":0,"9":0,"10":0,"11":0,"12":0,"13":0,"14":0,"15":0,"16":0,"17":0,"18":0,"19":0,"20":0,"21":0,"22":0,"23":0,"24":0,"25":0,"26":0,"27":0,"28":0},"f":{"0":0,"1":0,"2":0,"3":0,"4":0,"5":0,"6":0,"7":0,"8":0,"9":0,"10":0,"11":0,"12":0,"13":0,"14":0,"15":0,"16":0},"b":{"0":[0],"1":[0,0],"2":[0,0],"3":[0,0],"4":[0,0],"5":[0,0],"6":[0,0],"7":[0,0],"8":[0,0],"9":[0,0],"10":[0,0],"11":[0,0],"12":[0,0],"13":[0,0],"14":[0,0],"15":[0,0],"16":[0,0]},"meta":{"lastBranch":17,"lastFunction":17,"lastStatement":29,"seen":{"f:12:16:12:34":0,"b:12:63:12:66":0,"f:13:11:13:17":1,"s:14:4:14:Infinity":0,"f:17:11:17:18":2,"s:18:4:18:Infinity":1,"f:18:26:18:27":3,"s:18:36:18:47":2,"f:21:11:21:18":4,"s:22:4:32:Infinity":3,"f:23:16:23:17":5,"b:24:8:24:Infinity:undefined:undefined:undefined:undefined":1,"s:24:8:24:Infinity":4,"s:24:25:24:Infinity":5,"s:25:24:25:Infinity":6,"b:27:8:29:Infinity:undefined:undefined:undefined:undefined":2,"s:27:8:29:Infinity":7,"b:27:12:27:36:27:36:27:60":3,"s:28:10:28:Infinity":8,"s:30:8:30:Infinity":9,"f:35:11:35:24":6,"s:36:4:45:Infinity":10,"f:37:16:37:17":7,"b:38:8:38:Infinity:undefined:undefined:undefined:undefined":4,"s:38:8:38:Infinity":11,"s:38:25:38:Infinity":12,"b:39:8:41:Infinity:undefined:undefined:undefined:undefined":5,"s:39:8:41:Infinity":13,"s:40:10:40:Infinity":14,"s:42:23:42:Infinity":15,"f:42:36:42:37":8,"s:42:43:42:60":16,"s:43:8:43:Infinity":17,"b:43:60:43:77:43:77:43:82":6,"s:49:4:49:Infinity":18,"s:51:21:51:Infinity":19,"s:53:2:136:Infinity":20,"b:55:7:55:Infinity:56:8:64:Infinity":7,"b:56:56:56:108:56:108:56:157":8,"b:59:11:59:25:59:25:59:Infinity":9,"f:66:17:66:18":9,"s:67:8:131:Infinity":21,"b:69:61:69:113:69:113:69:162":10,"b:70:36:70:51:70:51:70:Infinity":11,"f:77:24:77:25":10,"s:77:31:77:Infinity":22,"f:84:22:84:23":11,"s:84:29:84:Infinity":23,"b:86:64:86:81:86:81:86:83":12,"b:88:11:88:Infinity:89:12:100:Infinity":13,"b:90:21:90:39:90:39:90:Infinity":14,"f:91:24:91:25":12,"s:91:31:91:Infinity":24,"f:95:27:95:28":13,"s:96:16:98:Infinity":25,"f:105:22:105:23":14,"s:105:29:105:Infinity":26,"b:105:51:105:81:105:81:105:82":15,"f:113:22:113:23":15,"s:113:29:113:Infinity":27,"b:113:75:113:93:113:93:113:96":16,"f:123:21:123:27":16,"s:123:27:123:Infinity":28}}}
,"/Users/kevintran/Projects/MadeForSeconds/src/components/admin/ExpenseTable.tsx": {"path":"/Users/kevintran/Projects/MadeForSeconds/src/components/admin/ExpenseTable.tsx","statementMap":{"0":{"start":{"line":16,"column":2},"end":{"line":16,"column":null}},"1":{"start":{"line":16,"column":40},"end":{"line":16,"column":57}},"2":{"start":{"line":20,"column":2},"end":{"line":20,"column":null}},"3":{"start":{"line":24,"column":2},"end":{"line":24,"column":null}},"4":{"start":{"line":24,"column":15},"end":{"line":24,"column":null}},"5":{"start":{"line":25,"column":2},"end":{"line":27,"column":null}},"6":{"start":{"line":26,"column":4},"end":{"line":26,"column":null}},"7":{"start":{"line":30,"column":4},"end":{"line":30,"column":null}},"8":{"start":{"line":30,"column":102},"end":{"line":30,"column":null}},"9":{"start":{"line":31,"column":4},"end":{"line":31,"column":null}},"10":{"start":{"line":34,"column":2},"end":{"line":94,"column":null}},"11":{"start":{"line":51,"column":12},"end":{"line":90,"column":null}},"12":{"start":{"line":80,"column":71},"end":{"line":80,"column":87}},"13":{"start":{"line":84,"column":70},"end":{"line":84,"column":87}}},"fnMap":{"0":{"name":"categoryLabel","decl":{"start":{"line":15,"column":9},"end":{"line":15,"column":23}},"loc":{"start":{"line":15,"column":46},"end":{"line":17,"column":null}},"line":15},"1":{"name":"(anonymous_1)","decl":{"start":{"line":16,"column":33},"end":{"line":16,"column":34}},"loc":{"start":{"line":16,"column":40},"end":{"line":16,"column":57}},"line":16},"2":{"name":"formatDate","decl":{"start":{"line":19,"column":9},"end":{"line":19,"column":20}},"loc":{"start":{"line":19,"column":41},"end":{"line":21,"column":null}},"line":19},"3":{"name":"ExpenseTable","decl":{"start":{"line":23,"column":16},"end":{"line":23,"column":29}},"loc":{"start":{"line":23,"column":87},"end":{"line":96,"column":null}},"line":23},"4":{"name":"handleVoid","decl":{"start":{"line":29,"column":17},"end":{"line":29,"column":28}},"loc":{"start":{"line":29,"column":47},"end":{"line":32,"column":null}},"line":29},"5":{"name":"(anonymous_5)","decl":{"start":{"line":50,"column":24},"end":{"line":50,"column":25}},"loc":{"start":{"line":51,"column":12},"end":{"line":90,"column":null}},"line":51},"6":{"name":"(anonymous_6)","decl":{"start":{"line":80,"column":65},"end":{"line":80,"column":71}},"loc":{"start":{"line":80,"column":71},"end":{"line":80,"column":87}},"line":80},"7":{"name":"(anonymous_7)","decl":{"start":{"line":84,"column":64},"end":{"line":84,"column":70}},"loc":{"start":{"line":84,"column":70},"end":{"line":84,"column":87}},"line":84}},"branchMap":{"0":{"loc":{"start":{"line":16,"column":9},"end":{"line":16,"column":null}},"type":"binary-expr","locations":[{"start":{"line":16,"column":9},"end":{"line":16,"column":69}},{"start":{"line":16,"column":69},"end":{"line":16,"column":null}}],"line":16},"1":{"loc":{"start":{"line":24,"column":2},"end":{"line":24,"column":null}},"type":"if","locations":[{"start":{"line":24,"column":2},"end":{"line":24,"column":null}},{"start":{},"end":{}}],"line":24},"2":{"loc":{"start":{"line":25,"column":2},"end":{"line":27,"column":null}},"type":"if","locations":[{"start":{"line":25,"column":2},"end":{"line":27,"column":null}},{"start":{},"end":{}}],"line":25},"3":{"loc":{"start":{"line":30,"column":4},"end":{"line":30,"column":null}},"type":"if","locations":[{"start":{"line":30,"column":4},"end":{"line":30,"column":null}},{"start":{},"end":{}}],"line":30},"4":{"loc":{"start":{"line":53,"column":48},"end":{"line":53,"column":91}},"type":"cond-expr","locations":[{"start":{"line":53,"column":74},"end":{"line":53,"column":89}},{"start":{"line":53,"column":89},"end":{"line":53,"column":91}}],"line":53},"5":{"loc":{"start":{"line":55,"column":56},"end":{"line":55,"column":101}},"type":"cond-expr","locations":[{"start":{"line":55,"column":82},"end":{"line":55,"column":99}},{"start":{"line":55,"column":99},"end":{"line":55,"column":101}}],"line":55},"6":{"loc":{"start":{"line":58,"column":68},"end":{"line":58,"column":113}},"type":"cond-expr","locations":[{"start":{"line":58,"column":94},"end":{"line":58,"column":111}},{"start":{"line":58,"column":111},"end":{"line":58,"column":113}}],"line":58},"7":{"loc":{"start":{"line":62,"column":17},"end":{"line":62,"column":null}},"type":"binary-expr","locations":[{"start":{"line":62,"column":17},"end":{"line":62,"column":32}},{"start":{"line":62,"column":32},"end":{"line":62,"column":51}},{"start":{"line":62,"column":51},"end":{"line":62,"column":null}}],"line":62},"8":{"loc":{"start":{"line":67,"column":78},"end":{"line":67,"column":150}},"type":"cond-expr","locations":[{"start":{"line":67,"column":104},"end":{"line":67,"column":135}},{"start":{"line":67,"column":135},"end":{"line":67,"column":150}}],"line":67},"9":{"loc":{"start":{"line":74,"column":32},"end":{"line":74,"column":null}},"type":"cond-expr","locations":[{"start":{"line":74,"column":58},"end":{"line":74,"column":70}},{"start":{"line":74,"column":70},"end":{"line":74,"column":null}}],"line":74},"10":{"loc":{"start":{"line":75,"column":19},"end":{"line":75,"column":null}},"type":"cond-expr","locations":[{"start":{"line":75,"column":45},"end":{"line":75,"column":56}},{"start":{"line":75,"column":56},"end":{"line":75,"column":null}}],"line":75},"11":{"loc":{"start":{"line":83,"column":19},"end":{"line":86,"column":null}},"type":"binary-expr","locations":[{"start":{"line":83,"column":19},"end":{"line":83,"column":null}},{"start":{"line":84,"column":20},"end":{"line":86,"column":null}}],"line":83}},"s":{"0":0,"1":0,"2":0,"3":0,"4":0,"5":0,"6":0,"7":0,"8":0,"9":0,"10":0,"11":0,"12":0,"13":0},"f":{"0":0,"1":0,"2":0,"3":0,"4":0,"5":0,"6":0,"7":0},"b":{"0":[0,0],"1":[0,0],"2":[0,0],"3":[0,0],"4":[0,0],"5":[0,0],"6":[0,0],"7":[0,0,0],"8":[0,0],"9":[0,0],"10":[0,0],"11":[0,0]},"meta":{"lastBranch":12,"lastFunction":8,"lastStatement":14,"seen":{"f:15:9:15:23":0,"s:16:2:16:Infinity":0,"b:16:9:16:69:16:69:16:Infinity":0,"f:16:33:16:34":1,"s:16:40:16:57":1,"f:19:9:19:20":2,"s:20:2:20:Infinity":2,"f:23:16:23:29":3,"b:24:2:24:Infinity:undefined:undefined:undefined:undefined":1,"s:24:2:24:Infinity":3,"s:24:15:24:Infinity":4,"b:25:2:27:Infinity:undefined:undefined:undefined:undefined":2,"s:25:2:27:Infinity":5,"s:26:4:26:Infinity":6,"f:29:17:29:28":4,"b:30:4:30:Infinity:undefined:undefined:undefined:undefined":3,"s:30:4:30:Infinity":7,"s:30:102:30:Infinity":8,"s:31:4:31:Infinity":9,"s:34:2:94:Infinity":10,"f:50:24:50:25":5,"s:51:12:90:Infinity":11,"b:53:74:53:89:53:89:53:91":4,"b:55:82:55:99:55:99:55:101":5,"b:58:94:58:111:58:111:58:113":6,"b:62:17:62:32:62:32:62:51:62:51:62:Infinity":7,"b:67:104:67:135:67:135:67:150":8,"b:74:58:74:70:74:70:74:Infinity":9,"b:75:45:75:56:75:56:75:Infinity":10,"f:80:65:80:71":6,"s:80:71:80:87":12,"b:83:19:83:Infinity:84:20:86:Infinity":11,"f:84:64:84:70":7,"s:84:70:84:87":13}}}
,"/Users/kevintran/Projects/MadeForSeconds/src/components/admin/ImportRecipeModal.tsx": {"path":"/Users/kevintran/Projects/MadeForSeconds/src/components/admin/ImportRecipeModal.tsx","statementMap":{"0":{"start":{"line":12,"column":20},"end":{"line":12,"column":null}},"1":{"start":{"line":13,"column":22},"end":{"line":13,"column":null}},"2":{"start":{"line":14,"column":22},"end":{"line":14,"column":null}},"3":{"start":{"line":15,"column":28},"end":{"line":15,"column":null}},"4":{"start":{"line":16,"column":24},"end":{"line":16,"column":null}},"5":{"start":{"line":17,"column":8},"end":{"line":17,"column":null}},"6":{"start":{"line":20,"column":4},"end":{"line":20,"column":null}},"7":{"start":{"line":20,"column":32},"end":{"line":20,"column":null}},"8":{"start":{"line":21,"column":4},"end":{"line":21,"column":null}},"9":{"start":{"line":21,"column":40},"end":{"line":21,"column":null}},"10":{"start":{"line":23,"column":4},"end":{"line":23,"column":null}},"11":{"start":{"line":24,"column":4},"end":{"line":24,"column":null}},"12":{"start":{"line":25,"column":4},"end":{"line":34,"column":null}},"13":{"start":{"line":26,"column":19},"end":{"line":28,"column":null}},"14":{"start":{"line":29,"column":6},"end":{"line":29,"column":null}},"15":{"start":{"line":31,"column":6},"end":{"line":31,"column":null}},"16":{"start":{"line":33,"column":6},"end":{"line":33,"column":null}},"17":{"start":{"line":37,"column":19},"end":{"line":37,"column":null}},"18":{"start":{"line":39,"column":2},"end":{"line":155,"column":null}},"19":{"start":{"line":67,"column":14},"end":{"line":77,"column":null}},"20":{"start":{"line":69,"column":33},"end":{"line":69,"column":44}},"21":{"start":{"line":69,"column":44},"end":{"line":69,"column":59}},"22":{"start":{"line":84,"column":29},"end":{"line":84,"column":null}},"23":{"start":{"line":96,"column":35},"end":{"line":96,"column":73}},"24":{"start":{"line":96,"column":73},"end":{"line":96,"column":88}},"25":{"start":{"line":119,"column":33},"end":{"line":119,"column":58}},"26":{"start":{"line":119,"column":58},"end":{"line":119,"column":73}}},"fnMap":{"0":{"name":"ImportRecipeModal","decl":{"start":{"line":11,"column":16},"end":{"line":11,"column":34}},"loc":{"start":{"line":11,"column":82},"end":{"line":157,"column":null}},"line":11},"1":{"name":"handleParse","decl":{"start":{"line":19,"column":17},"end":{"line":19,"column":31}},"loc":{"start":{"line":19,"column":31},"end":{"line":35,"column":null}},"line":19},"2":{"name":"(anonymous_2)","decl":{"start":{"line":66,"column":44},"end":{"line":66,"column":45}},"loc":{"start":{"line":67,"column":14},"end":{"line":77,"column":null}},"line":67},"3":{"name":"(anonymous_3)","decl":{"start":{"line":69,"column":25},"end":{"line":69,"column":31}},"loc":{"start":{"line":69,"column":31},"end":{"line":69,"column":null}},"line":69},"4":{"name":"(anonymous_4)","decl":{"start":{"line":84,"column":23},"end":{"line":84,"column":29}},"loc":{"start":{"line":84,"column":29},"end":{"line":84,"column":null}},"line":84},"5":{"name":"(anonymous_5)","decl":{"start":{"line":96,"column":26},"end":{"line":96,"column":27}},"loc":{"start":{"line":96,"column":33},"end":{"line":96,"column":null}},"line":96},"6":{"name":"(anonymous_6)","decl":{"start":{"line":119,"column":24},"end":{"line":119,"column":25}},"loc":{"start":{"line":119,"column":31},"end":{"line":119,"column":null}},"line":119}},"branchMap":{"0":{"loc":{"start":{"line":20,"column":4},"end":{"line":20,"column":null}},"type":"if","locations":[{"start":{"line":20,"column":4},"end":{"line":20,"column":null}},{"start":{},"end":{}}],"line":20},"1":{"loc":{"start":{"line":20,"column":8},"end":{"line":20,"column":32}},"type":"binary-expr","locations":[{"start":{"line":20,"column":8},"end":{"line":20,"column":25}},{"start":{"line":20,"column":25},"end":{"line":20,"column":32}}],"line":20},"2":{"loc":{"start":{"line":21,"column":4},"end":{"line":21,"column":null}},"type":"if","locations":[{"start":{"line":21,"column":4},"end":{"line":21,"column":null}},{"start":{},"end":{}}],"line":21},"3":{"loc":{"start":{"line":21,"column":8},"end":{"line":21,"column":40}},"type":"binary-expr","locations":[{"start":{"line":21,"column":8},"end":{"line":21,"column":26}},{"start":{"line":21,"column":26},"end":{"line":21,"column":40}}],"line":21},"4":{"loc":{"start":{"line":27,"column":8},"end":{"line":27,"column":null}},"type":"cond-expr","locations":[{"start":{"line":27,"column":24},"end":{"line":27,"column":42}},{"start":{"line":27,"column":42},"end":{"line":27,"column":null}}],"line":27},"5":{"loc":{"start":{"line":31,"column":15},"end":{"line":31,"column":76}},"type":"cond-expr","locations":[{"start":{"line":31,"column":38},"end":{"line":31,"column":52}},{"start":{"line":31,"column":52},"end":{"line":31,"column":76}}],"line":31},"6":{"loc":{"start":{"line":37,"column":19},"end":{"line":37,"column":null}},"type":"cond-expr","locations":[{"start":{"line":37,"column":35},"end":{"line":37,"column":44}},{"start":{"line":37,"column":44},"end":{"line":37,"column":null}}],"line":37},"7":{"loc":{"start":{"line":71,"column":18},"end":{"line":73,"column":null}},"type":"cond-expr","locations":[{"start":{"line":72,"column":22},"end":{"line":72,"column":null}},{"start":{"line":73,"column":22},"end":{"line":73,"column":null}}],"line":71},"8":{"loc":{"start":{"line":76,"column":17},"end":{"line":76,"column":null}},"type":"cond-expr","locations":[{"start":{"line":76,"column":31},"end":{"line":76,"column":46}},{"start":{"line":76,"column":46},"end":{"line":76,"column":null}}],"line":76},"9":{"loc":{"start":{"line":82,"column":11},"end":{"line":124,"column":null}},"type":"cond-expr","locations":[{"start":{"line":83,"column":12},"end":{"line":115,"column":null}},{"start":{"line":117,"column":12},"end":{"line":124,"column":null}}],"line":82},"10":{"loc":{"start":{"line":86,"column":16},"end":{"line":88,"column":null}},"type":"cond-expr","locations":[{"start":{"line":87,"column":20},"end":{"line":87,"column":null}},{"start":{"line":88,"column":20},"end":{"line":88,"column":null}}],"line":86},"11":{"loc":{"start":{"line":96,"column":43},"end":{"line":96,"column":70}},"type":"binary-expr","locations":[{"start":{"line":96,"column":43},"end":{"line":96,"column":66}},{"start":{"line":96,"column":66},"end":{"line":96,"column":70}}],"line":96},"12":{"loc":{"start":{"line":98,"column":15},"end":{"line":113,"column":null}},"type":"cond-expr","locations":[{"start":{"line":99,"column":16},"end":{"line":105,"column":null}},{"start":{"line":107,"column":16},"end":{"line":113,"column":null}}],"line":98},"13":{"loc":{"start":{"line":127,"column":11},"end":{"line":128,"column":null}},"type":"binary-expr","locations":[{"start":{"line":127,"column":11},"end":{"line":127,"column":null}},{"start":{"line":128,"column":12},"end":{"line":128,"column":null}}],"line":127},"14":{"loc":{"start":{"line":137,"column":24},"end":{"line":137,"column":null}},"type":"binary-expr","locations":[{"start":{"line":137,"column":24},"end":{"line":137,"column":37}},{"start":{"line":137,"column":37},"end":{"line":137,"column":null}}],"line":137},"15":{"loc":{"start":{"line":140,"column":15},"end":{"line":149,"column":null}},"type":"cond-expr","locations":[{"start":{"line":141,"column":16},"end":{"line":147,"column":null}},{"start":{"line":149,"column":16},"end":{"line":149,"column":null}}],"line":140}},"s":{"0":0,"1":0,"2":0,"3":0,"4":0,"5":0,"6":0,"7":0,"8":0,"9":0,"10":0,"11":0,"12":0,"13":0,"14":0,"15":0,"16":0,"17":0,"18":0,"19":0,"20":0,"21":0,"22":0,"23":0,"24":0,"25":0,"26":0},"f":{"0":0,"1":0,"2":0,"3":0,"4":0,"5":0,"6":0},"b":{"0":[0,0],"1":[0,0],"2":[0,0],"3":[0,0],"4":[0,0],"5":[0,0],"6":[0,0],"7":[0,0],"8":[0,0],"9":[0,0],"10":[0,0],"11":[0,0],"12":[0,0],"13":[0,0],"14":[0,0],"15":[0,0]},"meta":{"lastBranch":16,"lastFunction":7,"lastStatement":27,"seen":{"f:11:16:11:34":0,"s:12:20:12:Infinity":0,"s:13:22:13:Infinity":1,"s:14:22:14:Infinity":2,"s:15:28:15:Infinity":3,"s:16:24:16:Infinity":4,"s:17:8:17:Infinity":5,"f:19:17:19:31":1,"b:20:4:20:Infinity:undefined:undefined:undefined:undefined":0,"s:20:4:20:Infinity":6,"b:20:8:20:25:20:25:20:32":1,"s:20:32:20:Infinity":7,"b:21:4:21:Infinity:undefined:undefined:undefined:undefined":2,"s:21:4:21:Infinity":8,"b:21:8:21:26:21:26:21:40":3,"s:21:40:21:Infinity":9,"s:23:4:23:Infinity":10,"s:24:4:24:Infinity":11,"s:25:4:34:Infinity":12,"s:26:19:28:Infinity":13,"b:27:24:27:42:27:42:27:Infinity":4,"s:29:6:29:Infinity":14,"s:31:6:31:Infinity":15,"b:31:38:31:52:31:52:31:76":5,"s:33:6:33:Infinity":16,"s:37:19:37:Infinity":17,"b:37:35:37:44:37:44:37:Infinity":6,"s:39:2:155:Infinity":18,"f:66:44:66:45":2,"s:67:14:77:Infinity":19,"f:69:25:69:31":3,"s:69:33:69:44":20,"s:69:44:69:59":21,"b:72:22:72:Infinity:73:22:73:Infinity":7,"b:76:31:76:46:76:46:76:Infinity":8,"b:83:12:115:Infinity:117:12:124:Infinity":9,"f:84:23:84:29":4,"s:84:29:84:Infinity":22,"b:87:20:87:Infinity:88:20:88:Infinity":10,"f:96:26:96:27":5,"s:96:35:96:73":23,"b:96:43:96:66:96:66:96:70":11,"s:96:73:96:88":24,"b:99:16:105:Infinity:107:16:113:Infinity":12,"f:119:24:119:25":6,"s:119:33:119:58":25,"s:119:58:119:73":26,"b:127:11:127:Infinity:128:12:128:Infinity":13,"b:137:24:137:37:137:37:137:Infinity":14,"b:141:16:147:Infinity:149:16:149:Infinity":15}}}
,"/Users/kevintran/Projects/MadeForSeconds/src/components/admin/IngredientEditor.tsx": {"path":"/Users/kevintran/Projects/MadeForSeconds/src/components/admin/IngredientEditor.tsx","statementMap":{"0":{"start":{"line":11,"column":4},"end":{"line":11,"column":null}},"1":{"start":{"line":15,"column":4},"end":{"line":15,"column":null}},"2":{"start":{"line":15,"column":36},"end":{"line":15,"column":47}},"3":{"start":{"line":19,"column":4},"end":{"line":19,"column":null}},"4":{"start":{"line":19,"column":36},"end":{"line":19,"column":95}},"5":{"start":{"line":22,"column":2},"end":{"line":78,"column":null}},"6":{"start":{"line":34,"column":8},"end":{"line":73,"column":null}},"7":{"start":{"line":38,"column":29},"end":{"line":38,"column":null}},"8":{"start":{"line":45,"column":29},"end":{"line":45,"column":null}},"9":{"start":{"line":52,"column":29},"end":{"line":52,"column":null}},"10":{"start":{"line":59,"column":29},"end":{"line":59,"column":null}},"11":{"start":{"line":65,"column":27},"end":{"line":65,"column":null}}},"fnMap":{"0":{"name":"IngredientEditor","decl":{"start":{"line":9,"column":16},"end":{"line":9,"column":33}},"loc":{"start":{"line":9,"column":77},"end":{"line":80,"column":null}},"line":9},"1":{"name":"add","decl":{"start":{"line":10,"column":11},"end":{"line":10,"column":17}},"loc":{"start":{"line":10,"column":17},"end":{"line":12,"column":null}},"line":10},"2":{"name":"remove","decl":{"start":{"line":14,"column":11},"end":{"line":14,"column":18}},"loc":{"start":{"line":14,"column":33},"end":{"line":16,"column":null}},"line":14},"3":{"name":"(anonymous_3)","decl":{"start":{"line":15,"column":26},"end":{"line":15,"column":27}},"loc":{"start":{"line":15,"column":36},"end":{"line":15,"column":47}},"line":15},"4":{"name":"update","decl":{"start":{"line":18,"column":11},"end":{"line":18,"column":18}},"loc":{"start":{"line":18,"column":72},"end":{"line":20,"column":null}},"line":18},"5":{"name":"(anonymous_5)","decl":{"start":{"line":19,"column":23},"end":{"line":19,"column":24}},"loc":{"start":{"line":19,"column":36},"end":{"line":19,"column":95}},"line":19},"6":{"name":"(anonymous_6)","decl":{"start":{"line":33,"column":17},"end":{"line":33,"column":18}},"loc":{"start":{"line":34,"column":8},"end":{"line":73,"column":null}},"line":34},"7":{"name":"(anonymous_7)","decl":{"start":{"line":38,"column":22},"end":{"line":38,"column":23}},"loc":{"start":{"line":38,"column":29},"end":{"line":38,"column":null}},"line":38},"8":{"name":"(anonymous_8)","decl":{"start":{"line":45,"column":22},"end":{"line":45,"column":23}},"loc":{"start":{"line":45,"column":29},"end":{"line":45,"column":null}},"line":45},"9":{"name":"(anonymous_9)","decl":{"start":{"line":52,"column":22},"end":{"line":52,"column":23}},"loc":{"start":{"line":52,"column":29},"end":{"line":52,"column":null}},"line":52},"10":{"name":"(anonymous_10)","decl":{"start":{"line":59,"column":22},"end":{"line":59,"column":23}},"loc":{"start":{"line":59,"column":29},"end":{"line":59,"column":null}},"line":59},"11":{"name":"(anonymous_11)","decl":{"start":{"line":65,"column":21},"end":{"line":65,"column":27}},"loc":{"start":{"line":65,"column":27},"end":{"line":65,"column":null}},"line":65}},"branchMap":{"0":{"loc":{"start":{"line":19,"column":36},"end":{"line":19,"column":95}},"type":"cond-expr","locations":[{"start":{"line":19,"column":50},"end":{"line":19,"column":91}},{"start":{"line":19,"column":91},"end":{"line":19,"column":95}}],"line":19},"1":{"loc":{"start":{"line":19,"column":69},"end":{"line":19,"column":87}},"type":"binary-expr","locations":[{"start":{"line":19,"column":69},"end":{"line":19,"column":77}},{"start":{"line":19,"column":77},"end":{"line":19,"column":87}}],"line":19},"2":{"loc":{"start":{"line":24,"column":7},"end":{"line":31,"column":null}},"type":"binary-expr","locations":[{"start":{"line":24,"column":7},"end":{"line":24,"column":null}},{"start":{"line":25,"column":8},"end":{"line":31,"column":null}}],"line":24},"3":{"loc":{"start":{"line":58,"column":19},"end":{"line":58,"column":null}},"type":"binary-expr","locations":[{"start":{"line":58,"column":19},"end":{"line":58,"column":32}},{"start":{"line":58,"column":32},"end":{"line":58,"column":null}}],"line":58}},"s":{"0":0,"1":0,"2":0,"3":0,"4":0,"5":0,"6":0,"7":0,"8":0,"9":0,"10":0,"11":0},"f":{"0":0,"1":0,"2":0,"3":0,"4":0,"5":0,"6":0,"7":0,"8":0,"9":0,"10":0,"11":0},"b":{"0":[0,0],"1":[0,0],"2":[0,0],"3":[0,0]},"meta":{"lastBranch":4,"lastFunction":12,"lastStatement":12,"seen":{"f:9:16:9:33":0,"f:10:11:10:17":1,"s:11:4:11:Infinity":0,"f:14:11:14:18":2,"s:15:4:15:Infinity":1,"f:15:26:15:27":3,"s:15:36:15:47":2,"f:18:11:18:18":4,"s:19:4:19:Infinity":3,"f:19:23:19:24":5,"s:19:36:19:95":4,"b:19:50:19:91:19:91:19:95":0,"b:19:69:19:77:19:77:19:87":1,"s:22:2:78:Infinity":5,"b:24:7:24:Infinity:25:8:31:Infinity":2,"f:33:17:33:18":6,"s:34:8:73:Infinity":6,"f:38:22:38:23":7,"s:38:29:38:Infinity":7,"f:45:22:45:23":8,"s:45:29:45:Infinity":8,"f:52:22:52:23":9,"s:52:29:52:Infinity":9,"b:58:19:58:32:58:32:58:Infinity":3,"f:59:22:59:23":10,"s:59:29:59:Infinity":10,"f:65:21:65:27":11,"s:65:27:65:Infinity":11}}}
,"/Users/kevintran/Projects/MadeForSeconds/src/components/admin/InstructionEditor.tsx": {"path":"/Users/kevintran/Projects/MadeForSeconds/src/components/admin/InstructionEditor.tsx","statementMap":{"0":{"start":{"line":11,"column":4},"end":{"line":11,"column":null}},"1":{"start":{"line":15,"column":20},"end":{"line":15,"column":null}},"2":{"start":{"line":15,"column":43},"end":{"line":15,"column":54}},"3":{"start":{"line":15,"column":74},"end":{"line":15,"column":99}},"4":{"start":{"line":16,"column":4},"end":{"line":16,"column":null}},"5":{"start":{"line":20,"column":4},"end":{"line":20,"column":null}},"6":{"start":{"line":20,"column":37},"end":{"line":20,"column":76}},"7":{"start":{"line":24,"column":4},"end":{"line":24,"column":null}},"8":{"start":{"line":24,"column":37},"end":{"line":24,"column":88}},"9":{"start":{"line":28,"column":4},"end":{"line":28,"column":null}},"10":{"start":{"line":28,"column":37},"end":{"line":28,"column":81}},"11":{"start":{"line":31,"column":2},"end":{"line":91,"column":null}},"12":{"start":{"line":34,"column":8},"end":{"line":86,"column":null}},"13":{"start":{"line":41,"column":31},"end":{"line":41,"column":null}},"14":{"start":{"line":50,"column":35},"end":{"line":50,"column":null}},"15":{"start":{"line":57,"column":33},"end":{"line":57,"column":null}},"16":{"start":{"line":69,"column":31},"end":{"line":69,"column":null}},"17":{"start":{"line":78,"column":27},"end":{"line":78,"column":null}}},"fnMap":{"0":{"name":"InstructionEditor","decl":{"start":{"line":9,"column":16},"end":{"line":9,"column":34}},"loc":{"start":{"line":9,"column":79},"end":{"line":93,"column":null}},"line":9},"1":{"name":"add","decl":{"start":{"line":10,"column":11},"end":{"line":10,"column":17}},"loc":{"start":{"line":10,"column":17},"end":{"line":12,"column":null}},"line":10},"2":{"name":"remove","decl":{"start":{"line":14,"column":11},"end":{"line":14,"column":18}},"loc":{"start":{"line":14,"column":33},"end":{"line":17,"column":null}},"line":14},"3":{"name":"(anonymous_3)","decl":{"start":{"line":15,"column":33},"end":{"line":15,"column":34}},"loc":{"start":{"line":15,"column":43},"end":{"line":15,"column":54}},"line":15},"4":{"name":"(anonymous_4)","decl":{"start":{"line":15,"column":60},"end":{"line":15,"column":61}},"loc":{"start":{"line":15,"column":74},"end":{"line":15,"column":99}},"line":15},"5":{"name":"updateText","decl":{"start":{"line":19,"column":11},"end":{"line":19,"column":22}},"loc":{"start":{"line":19,"column":51},"end":{"line":21,"column":null}},"line":19},"6":{"name":"(anonymous_6)","decl":{"start":{"line":20,"column":23},"end":{"line":20,"column":24}},"loc":{"start":{"line":20,"column":37},"end":{"line":20,"column":76}},"line":20},"7":{"name":"updateTip","decl":{"start":{"line":23,"column":11},"end":{"line":23,"column":21}},"loc":{"start":{"line":23,"column":49},"end":{"line":25,"column":null}},"line":23},"8":{"name":"(anonymous_8)","decl":{"start":{"line":24,"column":23},"end":{"line":24,"column":24}},"loc":{"start":{"line":24,"column":37},"end":{"line":24,"column":88}},"line":24},"9":{"name":"removeTip","decl":{"start":{"line":27,"column":11},"end":{"line":27,"column":21}},"loc":{"start":{"line":27,"column":36},"end":{"line":29,"column":null}},"line":27},"10":{"name":"(anonymous_10)","decl":{"start":{"line":28,"column":23},"end":{"line":28,"column":24}},"loc":{"start":{"line":28,"column":37},"end":{"line":28,"column":81}},"line":28},"11":{"name":"(anonymous_11)","decl":{"start":{"line":33,"column":17},"end":{"line":33,"column":18}},"loc":{"start":{"line":34,"column":8},"end":{"line":86,"column":null}},"line":34},"12":{"name":"(anonymous_12)","decl":{"start":{"line":41,"column":24},"end":{"line":41,"column":25}},"loc":{"start":{"line":41,"column":31},"end":{"line":41,"column":null}},"line":41},"13":{"name":"(anonymous_13)","decl":{"start":{"line":50,"column":28},"end":{"line":50,"column":29}},"loc":{"start":{"line":50,"column":35},"end":{"line":50,"column":null}},"line":50},"14":{"name":"(anonymous_14)","decl":{"start":{"line":57,"column":27},"end":{"line":57,"column":33}},"loc":{"start":{"line":57,"column":33},"end":{"line":57,"column":null}},"line":57},"15":{"name":"(anonymous_15)","decl":{"start":{"line":69,"column":25},"end":{"line":69,"column":31}},"loc":{"start":{"line":69,"column":31},"end":{"line":69,"column":null}},"line":69},"16":{"name":"(anonymous_16)","decl":{"start":{"line":78,"column":21},"end":{"line":78,"column":27}},"loc":{"start":{"line":78,"column":27},"end":{"line":78,"column":null}},"line":78}},"branchMap":{"0":{"loc":{"start":{"line":20,"column":37},"end":{"line":20,"column":76}},"type":"cond-expr","locations":[{"start":{"line":20,"column":51},"end":{"line":20,"column":71}},{"start":{"line":20,"column":71},"end":{"line":20,"column":76}}],"line":20},"1":{"loc":{"start":{"line":24,"column":37},"end":{"line":24,"column":88}},"type":"cond-expr","locations":[{"start":{"line":24,"column":51},"end":{"line":24,"column":83}},{"start":{"line":24,"column":83},"end":{"line":24,"column":88}}],"line":24},"2":{"loc":{"start":{"line":24,"column":67},"end":{"line":24,"column":79}},"type":"binary-expr","locations":[{"start":{"line":24,"column":67},"end":{"line":24,"column":74}},{"start":{"line":24,"column":74},"end":{"line":24,"column":79}}],"line":24},"3":{"loc":{"start":{"line":28,"column":37},"end":{"line":28,"column":81}},"type":"cond-expr","locations":[{"start":{"line":28,"column":51},"end":{"line":28,"column":76}},{"start":{"line":28,"column":76},"end":{"line":28,"column":81}}],"line":28},"4":{"loc":{"start":{"line":46,"column":13},"end":{"line":73,"column":null}},"type":"cond-expr","locations":[{"start":{"line":47,"column":14},"end":{"line":65,"column":null}},{"start":{"line":67,"column":14},"end":{"line":73,"column":null}}],"line":46}},"s":{"0":0,"1":0,"2":0,"3":0,"4":0,"5":0,"6":0,"7":0,"8":0,"9":0,"10":0,"11":0,"12":0,"13":0,"14":0,"15":0,"16":0,"17":0},"f":{"0":0,"1":0,"2":0,"3":0,"4":0,"5":0,"6":0,"7":0,"8":0,"9":0,"10":0,"11":0,"12":0,"13":0,"14":0,"15":0,"16":0},"b":{"0":[0,0],"1":[0,0],"2":[0,0],"3":[0,0],"4":[0,0]},"meta":{"lastBranch":5,"lastFunction":17,"lastStatement":18,"seen":{"f:9:16:9:34":0,"f:10:11:10:17":1,"s:11:4:11:Infinity":0,"f:14:11:14:18":2,"s:15:20:15:Infinity":1,"f:15:33:15:34":3,"s:15:43:15:54":2,"f:15:60:15:61":4,"s:15:74:15:99":3,"s:16:4:16:Infinity":4,"f:19:11:19:22":5,"s:20:4:20:Infinity":5,"f:20:23:20:24":6,"s:20:37:20:76":6,"b:20:51:20:71:20:71:20:76":0,"f:23:11:23:21":7,"s:24:4:24:Infinity":7,"f:24:23:24:24":8,"s:24:37:24:88":8,"b:24:51:24:83:24:83:24:88":1,"b:24:67:24:74:24:74:24:79":2,"f:27:11:27:21":9,"s:28:4:28:Infinity":9,"f:28:23:28:24":10,"s:28:37:28:81":10,"b:28:51:28:76:28:76:28:81":3,"s:31:2:91:Infinity":11,"f:33:17:33:18":11,"s:34:8:86:Infinity":12,"f:41:24:41:25":12,"s:41:31:41:Infinity":13,"b:47:14:65:Infinity:67:14:73:Infinity":4,"f:50:28:50:29":13,"s:50:35:50:Infinity":14,"f:57:27:57:33":14,"s:57:33:57:Infinity":15,"f:69:25:69:31":15,"s:69:31:69:Infinity":16,"f:78:21:78:27":16,"s:78:27:78:Infinity":17}}}
,"/Users/kevintran/Projects/MadeForSeconds/src/components/admin/LoginModal.tsx": {"path":"/Users/kevintran/Projects/MadeForSeconds/src/components/admin/LoginModal.tsx","statementMap":{"0":{"start":{"line":11,"column":32},"end":{"line":11,"column":null}},"1":{"start":{"line":12,"column":16},"end":{"line":12,"column":null}},"2":{"start":{"line":13,"column":30},"end":{"line":13,"column":null}},"3":{"start":{"line":14,"column":24},"end":{"line":14,"column":null}},"4":{"start":{"line":15,"column":28},"end":{"line":15,"column":null}},"5":{"start":{"line":18,"column":4},"end":{"line":18,"column":null}},"6":{"start":{"line":19,"column":4},"end":{"line":19,"column":null}},"7":{"start":{"line":20,"column":15},"end":{"line":20,"column":null}},"8":{"start":{"line":21,"column":4},"end":{"line":22,"column":null}},"9":{"start":{"line":21,"column":12},"end":{"line":21,"column":null}},"10":{"start":{"line":22,"column":9},"end":{"line":22,"column":null}},"11":{"start":{"line":26,"column":4},"end":{"line":26,"column":null}},"12":{"start":{"line":27,"column":4},"end":{"line":27,"column":null}},"13":{"start":{"line":28,"column":4},"end":{"line":35,"column":null}},"14":{"start":{"line":29,"column":6},"end":{"line":29,"column":null}},"15":{"start":{"line":30,"column":6},"end":{"line":30,"column":null}},"16":{"start":{"line":32,"column":6},"end":{"line":32,"column":null}},"17":{"start":{"line":34,"column":6},"end":{"line":34,"column":null}},"18":{"start":{"line":38,"column":2},"end":{"line":116,"column":null}},"19":{"start":{"line":45,"column":24},"end":{"line":45,"column":null}},"20":{"start":{"line":69,"column":33},"end":{"line":69,"column":null}}},"fnMap":{"0":{"name":"LoginModal","decl":{"start":{"line":10,"column":16},"end":{"line":10,"column":27}},"loc":{"start":{"line":10,"column":57},"end":{"line":118,"column":null}},"line":10},"1":{"name":"handleDevSubmit","decl":{"start":{"line":17,"column":17},"end":{"line":17,"column":33}},"loc":{"start":{"line":17,"column":47},"end":{"line":23,"column":null}},"line":17},"2":{"name":"handleGoogleLogin","decl":{"start":{"line":25,"column":17},"end":{"line":25,"column":37}},"loc":{"start":{"line":25,"column":37},"end":{"line":36,"column":null}},"line":25},"3":{"name":"(anonymous_3)","decl":{"start":{"line":45,"column":17},"end":{"line":45,"column":18}},"loc":{"start":{"line":45,"column":24},"end":{"line":45,"column":null}},"line":45},"4":{"name":"(anonymous_4)","decl":{"start":{"line":69,"column":26},"end":{"line":69,"column":27}},"loc":{"start":{"line":69,"column":33},"end":{"line":69,"column":null}},"line":69}},"branchMap":{"0":{"loc":{"start":{"line":21,"column":4},"end":{"line":22,"column":null}},"type":"if","locations":[{"start":{"line":21,"column":4},"end":{"line":22,"column":null}},{"start":{"line":22,"column":9},"end":{"line":22,"column":null}}],"line":21},"1":{"loc":{"start":{"line":32,"column":15},"end":{"line":32,"column":66}},"type":"cond-expr","locations":[{"start":{"line":32,"column":38},"end":{"line":32,"column":52}},{"start":{"line":32,"column":52},"end":{"line":32,"column":66}}],"line":32},"2":{"loc":{"start":{"line":55,"column":11},"end":{"line":58,"column":null}},"type":"binary-expr","locations":[{"start":{"line":55,"column":11},"end":{"line":55,"column":null}},{"start":{"line":56,"column":12},"end":{"line":58,"column":null}}],"line":55},"3":{"loc":{"start":{"line":61,"column":11},"end":{"line":112,"column":null}},"type":"cond-expr","locations":[{"start":{"line":62,"column":12},"end":{"line":80,"column":null}},{"start":{"line":82,"column":12},"end":{"line":112,"column":null}}],"line":61},"4":{"loc":{"start":{"line":107,"column":17},"end":{"line":107,"column":null}},"type":"cond-expr","locations":[{"start":{"line":107,"column":27},"end":{"line":107,"column":45}},{"start":{"line":107,"column":45},"end":{"line":107,"column":null}}],"line":107}},"s":{"0":0,"1":0,"2":0,"3":0,"4":0,"5":0,"6":0,"7":0,"8":0,"9":0,"10":0,"11":0,"12":0,"13":0,"14":0,"15":0,"16":0,"17":0,"18":0,"19":0,"20":0},"f":{"0":0,"1":0,"2":0,"3":0,"4":0},"b":{"0":[0,0],"1":[0,0],"2":[0,0],"3":[0,0],"4":[0,0]},"meta":{"lastBranch":5,"lastFunction":5,"lastStatement":21,"seen":{"f:10:16:10:27":0,"s:11:32:11:Infinity":0,"s:12:16:12:Infinity":1,"s:13:30:13:Infinity":2,"s:14:24:14:Infinity":3,"s:15:28:15:Infinity":4,"f:17:17:17:33":1,"s:18:4:18:Infinity":5,"s:19:4:19:Infinity":6,"s:20:15:20:Infinity":7,"b:21:4:22:Infinity:22:9:22:Infinity":0,"s:21:4:22:Infinity":8,"s:21:12:21:Infinity":9,"s:22:9:22:Infinity":10,"f:25:17:25:37":2,"s:26:4:26:Infinity":11,"s:27:4:27:Infinity":12,"s:28:4:35:Infinity":13,"s:29:6:29:Infinity":14,"s:30:6:30:Infinity":15,"s:32:6:32:Infinity":16,"b:32:38:32:52:32:52:32:66":1,"s:34:6:34:Infinity":17,"s:38:2:116:Infinity":18,"f:45:17:45:18":3,"s:45:24:45:Infinity":19,"b:55:11:55:Infinity:56:12:58:Infinity":2,"b:62:12:80:Infinity:82:12:112:Infinity":3,"f:69:26:69:27":4,"s:69:33:69:Infinity":20,"b:107:27:107:45:107:45:107:Infinity":4}}}
,"/Users/kevintran/Projects/MadeForSeconds/src/components/admin/NutritionEditor.tsx": {"path":"/Users/kevintran/Projects/MadeForSeconds/src/components/admin/NutritionEditor.tsx","statementMap":{"0":{"start":{"line":12,"column":40},"end":{"line":23,"column":null}},"1":{"start":{"line":26,"column":2},"end":{"line":26,"column":null}},"2":{"start":{"line":26,"column":31},"end":{"line":26,"column":88}},"3":{"start":{"line":30,"column":2},"end":{"line":32,"column":null}},"4":{"start":{"line":31,"column":19},"end":{"line":31,"column":51}},"5":{"start":{"line":32,"column":17},"end":{"line":32,"column":97}},"6":{"start":{"line":36,"column":22},"end":{"line":36,"column":null}},"7":{"start":{"line":36,"column":57},"end":{"line":36,"column":70}},"8":{"start":{"line":39,"column":17},"end":{"line":39,"column":null}},"9":{"start":{"line":39,"column":39},"end":{"line":39,"column":78}},"10":{"start":{"line":40,"column":4},"end":{"line":40,"column":null}},"11":{"start":{"line":41,"column":4},"end":{"line":41,"column":null}},"12":{"start":{"line":45,"column":17},"end":{"line":45,"column":null}},"13":{"start":{"line":46,"column":4},"end":{"line":46,"column":null}},"14":{"start":{"line":50,"column":27},"end":{"line":50,"column":null}},"15":{"start":{"line":50,"column":51},"end":{"line":50,"column":72}},"16":{"start":{"line":51,"column":18},"end":{"line":51,"column":null}},"17":{"start":{"line":51,"column":48},"end":{"line":51,"column":90}},"18":{"start":{"line":52,"column":17},"end":{"line":52,"column":null}},"19":{"start":{"line":53,"column":4},"end":{"line":53,"column":null}},"20":{"start":{"line":54,"column":4},"end":{"line":54,"column":null}},"21":{"start":{"line":58,"column":17},"end":{"line":58,"column":null}},"22":{"start":{"line":58,"column":41},"end":{"line":58,"column":50}},"23":{"start":{"line":59,"column":4},"end":{"line":59,"column":null}},"24":{"start":{"line":60,"column":4},"end":{"line":60,"column":null}},"25":{"start":{"line":63,"column":2},"end":{"line":118,"column":null}},"26":{"start":{"line":74,"column":8},"end":{"line":108,"column":null}},"27":{"start":{"line":78,"column":29},"end":{"line":78,"column":null}},"28":{"start":{"line":87,"column":29},"end":{"line":87,"column":null}},"29":{"start":{"line":94,"column":29},"end":{"line":94,"column":null}},"30":{"start":{"line":100,"column":27},"end":{"line":100,"column":null}}},"fnMap":{"0":{"name":"toRows","decl":{"start":{"line":25,"column":9},"end":{"line":25,"column":16}},"loc":{"start":{"line":25,"column":61},"end":{"line":27,"column":null}},"line":25},"1":{"name":"(anonymous_1)","decl":{"start":{"line":26,"column":23},"end":{"line":26,"column":24}},"loc":{"start":{"line":26,"column":31},"end":{"line":26,"column":88}},"line":26},"2":{"name":"toEntries","decl":{"start":{"line":29,"column":9},"end":{"line":29,"column":19}},"loc":{"start":{"line":29,"column":59},"end":{"line":33,"column":null}},"line":29},"3":{"name":"(anonymous_3)","decl":{"start":{"line":31,"column":12},"end":{"line":31,"column":13}},"loc":{"start":{"line":31,"column":19},"end":{"line":31,"column":51}},"line":31},"4":{"name":"(anonymous_4)","decl":{"start":{"line":32,"column":9},"end":{"line":32,"column":10}},"loc":{"start":{"line":32,"column":17},"end":{"line":32,"column":97}},"line":32},"5":{"name":"NutritionEditor","decl":{"start":{"line":35,"column":16},"end":{"line":35,"column":32}},"loc":{"start":{"line":35,"column":75},"end":{"line":120,"column":null}},"line":35},"6":{"name":"(anonymous_6)","decl":{"start":{"line":36,"column":51},"end":{"line":36,"column":57}},"loc":{"start":{"line":36,"column":57},"end":{"line":36,"column":70}},"line":36},"7":{"name":"update","decl":{"start":{"line":38,"column":11},"end":{"line":38,"column":18}},"loc":{"start":{"line":38,"column":69},"end":{"line":42,"column":null}},"line":38},"8":{"name":"(anonymous_8)","decl":{"start":{"line":39,"column":26},"end":{"line":39,"column":27}},"loc":{"start":{"line":39,"column":39},"end":{"line":39,"column":78}},"line":39},"9":{"name":"add","decl":{"start":{"line":44,"column":11},"end":{"line":44,"column":17}},"loc":{"start":{"line":44,"column":17},"end":{"line":47,"column":null}},"line":44},"10":{"name":"fillStandard","decl":{"start":{"line":49,"column":11},"end":{"line":49,"column":26}},"loc":{"start":{"line":49,"column":26},"end":{"line":55,"column":null}},"line":49},"11":{"name":"(anonymous_11)","decl":{"start":{"line":50,"column":44},"end":{"line":50,"column":45}},"loc":{"start":{"line":50,"column":51},"end":{"line":50,"column":72}},"line":50},"12":{"name":"(anonymous_12)","decl":{"start":{"line":51,"column":41},"end":{"line":51,"column":42}},"loc":{"start":{"line":51,"column":48},"end":{"line":51,"column":90}},"line":51},"13":{"name":"remove","decl":{"start":{"line":57,"column":11},"end":{"line":57,"column":18}},"loc":{"start":{"line":57,"column":29},"end":{"line":61,"column":null}},"line":57},"14":{"name":"(anonymous_14)","decl":{"start":{"line":58,"column":29},"end":{"line":58,"column":30}},"loc":{"start":{"line":58,"column":41},"end":{"line":58,"column":50}},"line":58},"15":{"name":"(anonymous_15)","decl":{"start":{"line":73,"column":16},"end":{"line":73,"column":17}},"loc":{"start":{"line":74,"column":8},"end":{"line":108,"column":null}},"line":74},"16":{"name":"(anonymous_16)","decl":{"start":{"line":78,"column":22},"end":{"line":78,"column":23}},"loc":{"start":{"line":78,"column":29},"end":{"line":78,"column":null}},"line":78},"17":{"name":"(anonymous_17)","decl":{"start":{"line":87,"column":22},"end":{"line":87,"column":23}},"loc":{"start":{"line":87,"column":29},"end":{"line":87,"column":null}},"line":87},"18":{"name":"(anonymous_18)","decl":{"start":{"line":94,"column":22},"end":{"line":94,"column":23}},"loc":{"start":{"line":94,"column":29},"end":{"line":94,"column":null}},"line":94},"19":{"name":"(anonymous_19)","decl":{"start":{"line":100,"column":21},"end":{"line":100,"column":27}},"loc":{"start":{"line":100,"column":27},"end":{"line":100,"column":null}},"line":100}},"branchMap":{"0":{"loc":{"start":{"line":31,"column":19},"end":{"line":31,"column":51}},"type":"binary-expr","locations":[{"start":{"line":31,"column":19},"end":{"line":31,"column":37}},{"start":{"line":31,"column":37},"end":{"line":31,"column":51}}],"line":31},"1":{"loc":{"start":{"line":32,"column":49},"end":{"line":32,"column":75}},"type":"binary-expr","locations":[{"start":{"line":32,"column":49},"end":{"line":32,"column":72}},{"start":{"line":32,"column":72},"end":{"line":32,"column":75}}],"line":32},"2":{"loc":{"start":{"line":39,"column":39},"end":{"line":39,"column":78}},"type":"cond-expr","locations":[{"start":{"line":39,"column":51},"end":{"line":39,"column":76}},{"start":{"line":39,"column":76},"end":{"line":39,"column":78}}],"line":39},"3":{"loc":{"start":{"line":65,"column":7},"end":{"line":71,"column":null}},"type":"binary-expr","locations":[{"start":{"line":65,"column":7},"end":{"line":65,"column":null}},{"start":{"line":66,"column":8},"end":{"line":71,"column":null}}],"line":65}},"s":{"0":0,"1":0,"2":0,"3":0,"4":0,"5":0,"6":0,"7":0,"8":0,"9":0,"10":0,"11":0,"12":0,"13":0,"14":0,"15":0,"16":0,"17":0,"18":0,"19":0,"20":0,"21":0,"22":0,"23":0,"24":0,"25":0,"26":0,"27":0,"28":0,"29":0,"30":0},"f":{"0":0,"1":0,"2":0,"3":0,"4":0,"5":0,"6":0,"7":0,"8":0,"9":0,"10":0,"11":0,"12":0,"13":0,"14":0,"15":0,"16":0,"17":0,"18":0,"19":0},"b":{"0":[0,0],"1":[0,0],"2":[0,0],"3":[0,0]},"meta":{"lastBranch":4,"lastFunction":20,"lastStatement":31,"seen":{"s:12:40:23:Infinity":0,"f:25:9:25:16":0,"s:26:2:26:Infinity":1,"f:26:23:26:24":1,"s:26:31:26:88":2,"f:29:9:29:19":2,"s:30:2:32:Infinity":3,"f:31:12:31:13":3,"s:31:19:31:51":4,"b:31:19:31:37:31:37:31:51":0,"f:32:9:32:10":4,"s:32:17:32:97":5,"b:32:49:32:72:32:72:32:75":1,"f:35:16:35:32":5,"s:36:22:36:Infinity":6,"f:36:51:36:57":6,"s:36:57:36:70":7,"f:38:11:38:18":7,"s:39:17:39:Infinity":8,"f:39:26:39:27":8,"s:39:39:39:78":9,"b:39:51:39:76:39:76:39:78":2,"s:40:4:40:Infinity":10,"s:41:4:41:Infinity":11,"f:44:11:44:17":9,"s:45:17:45:Infinity":12,"s:46:4:46:Infinity":13,"f:49:11:49:26":10,"s:50:27:50:Infinity":14,"f:50:44:50:45":11,"s:50:51:50:72":15,"s:51:18:51:Infinity":16,"f:51:41:51:42":12,"s:51:48:51:90":17,"s:52:17:52:Infinity":18,"s:53:4:53:Infinity":19,"s:54:4:54:Infinity":20,"f:57:11:57:18":13,"s:58:17:58:Infinity":21,"f:58:29:58:30":14,"s:58:41:58:50":22,"s:59:4:59:Infinity":23,"s:60:4:60:Infinity":24,"s:63:2:118:Infinity":25,"b:65:7:65:Infinity:66:8:71:Infinity":3,"f:73:16:73:17":15,"s:74:8:108:Infinity":26,"f:78:22:78:23":16,"s:78:29:78:Infinity":27,"f:87:22:87:23":17,"s:87:29:87:Infinity":28,"f:94:22:94:23":18,"s:94:29:94:Infinity":29,"f:100:21:100:27":19,"s:100:27:100:Infinity":30}}}
,"/Users/kevintran/Projects/MadeForSeconds/src/components/admin/RecipeForm.tsx": {"path":"/Users/kevintran/Projects/MadeForSeconds/src/components/admin/RecipeForm.tsx","statementMap":{"0":{"start":{"line":18,"column":2},"end":{"line":22,"column":null}},"1":{"start":{"line":27,"column":2},"end":{"line":35,"column":null}},"2":{"start":{"line":39,"column":24},"end":{"line":39,"column":null}},"3":{"start":{"line":40,"column":36},"end":{"line":40,"column":null}},"4":{"start":{"line":41,"column":30},"end":{"line":41,"column":null}},"5":{"start":{"line":42,"column":34},"end":{"line":42,"column":null}},"6":{"start":{"line":43,"column":30},"end":{"line":43,"column":null}},"7":{"start":{"line":44,"column":30},"end":{"line":44,"column":null}},"8":{"start":{"line":45,"column":30},"end":{"line":45,"column":null}},"9":{"start":{"line":46,"column":32},"end":{"line":46,"column":null}},"10":{"start":{"line":47,"column":34},"end":{"line":47,"column":null}},"11":{"start":{"line":48,"column":40},"end":{"line":48,"column":null}},"12":{"start":{"line":49,"column":36},"end":{"line":51,"column":null}},"13":{"start":{"line":52,"column":38},"end":{"line":54,"column":null}},"14":{"start":{"line":55,"column":32},"end":{"line":55,"column":null}},"15":{"start":{"line":58,"column":8},"end":{"line":58,"column":null}},"16":{"start":{"line":59,"column":42},"end":{"line":59,"column":null}},"17":{"start":{"line":60,"column":34},"end":{"line":62,"column":null}},"18":{"start":{"line":64,"column":36},"end":{"line":64,"column":null}},"19":{"start":{"line":65,"column":24},"end":{"line":65,"column":null}},"20":{"start":{"line":66,"column":8},"end":{"line":66,"column":null}},"21":{"start":{"line":69,"column":17},"end":{"line":69,"column":null}},"22":{"start":{"line":70,"column":4},"end":{"line":70,"column":null}},"23":{"start":{"line":70,"column":15},"end":{"line":70,"column":null}},"24":{"start":{"line":72,"column":4},"end":{"line":72,"column":null}},"25":{"start":{"line":73,"column":4},"end":{"line":73,"column":null}},"26":{"start":{"line":74,"column":4},"end":{"line":81,"column":null}},"27":{"start":{"line":75,"column":22},"end":{"line":75,"column":null}},"28":{"start":{"line":76,"column":6},"end":{"line":76,"column":null}},"29":{"start":{"line":78,"column":6},"end":{"line":78,"column":null}},"30":{"start":{"line":80,"column":6},"end":{"line":80,"column":null}},"31":{"start":{"line":85,"column":20},"end":{"line":85,"column":null}},"32":{"start":{"line":86,"column":4},"end":{"line":88,"column":null}},"33":{"start":{"line":87,"column":6},"end":{"line":87,"column":null}},"34":{"start":{"line":89,"column":4},"end":{"line":89,"column":null}},"35":{"start":{"line":93,"column":4},"end":{"line":93,"column":null}},"36":{"start":{"line":93,"column":43},"end":{"line":93,"column":52}},"37":{"start":{"line":97,"column":4},"end":{"line":97,"column":null}},"38":{"start":{"line":98,"column":4},"end":{"line":98,"column":null}},"39":{"start":{"line":100,"column":4},"end":{"line":100,"column":null}},"40":{"start":{"line":100,"column":23},"end":{"line":100,"column":null}},"41":{"start":{"line":102,"column":4},"end":{"line":112,"column":null}},"42":{"start":{"line":103,"column":6},"end":{"line":103,"column":null}},"43":{"start":{"line":103,"column":35},"end":{"line":103,"column":null}},"44":{"start":{"line":104,"column":6},"end":{"line":104,"column":null}},"45":{"start":{"line":104,"column":39},"end":{"line":104,"column":null}},"46":{"start":{"line":105,"column":6},"end":{"line":106,"column":null}},"47":{"start":{"line":106,"column":8},"end":{"line":106,"column":null}},"48":{"start":{"line":107,"column":6},"end":{"line":108,"column":null}},"49":{"start":{"line":108,"column":8},"end":{"line":108,"column":null}},"50":{"start":{"line":110,"column":6},"end":{"line":110,"column":null}},"51":{"start":{"line":110,"column":60},"end":{"line":110,"column":null}},"52":{"start":{"line":111,"column":6},"end":{"line":111,"column":null}},"53":{"start":{"line":111,"column":62},"end":{"line":111,"column":null}},"54":{"start":{"line":114,"column":4},"end":{"line":132,"column":null}},"55":{"start":{"line":115,"column":6},"end":{"line":129,"column":null}},"56":{"start":{"line":131,"column":6},"end":{"line":131,"column":null}},"57":{"start":{"line":135,"column":2},"end":{"line":307,"column":null}},"58":{"start":{"line":144,"column":73},"end":{"line":144,"column":99}},"59":{"start":{"line":151,"column":29},"end":{"line":151,"column":null}},"60":{"start":{"line":182,"column":83},"end":{"line":182,"column":114}},"61":{"start":{"line":189,"column":105},"end":{"line":189,"column":134}},"62":{"start":{"line":197,"column":29},"end":{"line":197,"column":null}},"63":{"start":{"line":207,"column":92},"end":{"line":207,"column":124}},"64":{"start":{"line":222,"column":33},"end":{"line":222,"column":null}},"65":{"start":{"line":239,"column":106},"end":{"line":239,"column":135}},"66":{"start":{"line":240,"column":106},"end":{"line":240,"column":135}},"67":{"start":{"line":241,"column":104},"end":{"line":241,"column":133}},"68":{"start":{"line":255,"column":29},"end":{"line":255,"column":null}},"69":{"start":{"line":256,"column":32},"end":{"line":256,"column":93}},"70":{"start":{"line":256,"column":57},"end":{"line":256,"column":77}},"71":{"start":{"line":256,"column":77},"end":{"line":256,"column":91}},"72":{"start":{"line":265,"column":14},"end":{"line":272,"column":null}},"73":{"start":{"line":268,"column":31},"end":{"line":268,"column":null}}},"fnMap":{"0":{"name":"Section","decl":{"start":{"line":17,"column":9},"end":{"line":17,"column":17}},"loc":{"start":{"line":17,"column":84},"end":{"line":24,"column":null}},"line":17},"1":{"name":"defaultComponent","decl":{"start":{"line":26,"column":9},"end":{"line":26,"column":45}},"loc":{"start":{"line":26,"column":45},"end":{"line":36,"column":null}},"line":26},"2":{"name":"RecipeForm","decl":{"start":{"line":38,"column":16},"end":{"line":38,"column":27}},"loc":{"start":{"line":38,"column":80},"end":{"line":309,"column":null}},"line":38},"3":{"name":"handleFileUpload","decl":{"start":{"line":68,"column":17},"end":{"line":68,"column":34}},"loc":{"start":{"line":68,"column":74},"end":{"line":82,"column":null}},"line":68},"4":{"name":"addCategory","decl":{"start":{"line":84,"column":11},"end":{"line":84,"column":25}},"loc":{"start":{"line":84,"column":25},"end":{"line":90,"column":null}},"line":84},"5":{"name":"removeCategory","decl":{"start":{"line":92,"column":11},"end":{"line":92,"column":26}},"loc":{"start":{"line":92,"column":39},"end":{"line":94,"column":null}},"line":92},"6":{"name":"(anonymous_6)","decl":{"start":{"line":93,"column":36},"end":{"line":93,"column":37}},"loc":{"start":{"line":93,"column":43},"end":{"line":93,"column":52}},"line":93},"7":{"name":"handleSubmit","decl":{"start":{"line":96,"column":17},"end":{"line":96,"column":30}},"loc":{"start":{"line":96,"column":44},"end":{"line":133,"column":null}},"line":96},"8":{"name":"(anonymous_8)","decl":{"start":{"line":144,"column":66},"end":{"line":144,"column":67}},"loc":{"start":{"line":144,"column":73},"end":{"line":144,"column":99}},"line":144},"9":{"name":"(anonymous_9)","decl":{"start":{"line":151,"column":22},"end":{"line":151,"column":23}},"loc":{"start":{"line":151,"column":29},"end":{"line":151,"column":null}},"line":151},"10":{"name":"(anonymous_10)","decl":{"start":{"line":182,"column":77},"end":{"line":182,"column":83}},"loc":{"start":{"line":182,"column":83},"end":{"line":182,"column":114}},"line":182},"11":{"name":"(anonymous_11)","decl":{"start":{"line":189,"column":98},"end":{"line":189,"column":99}},"loc":{"start":{"line":189,"column":105},"end":{"line":189,"column":134}},"line":189},"12":{"name":"(anonymous_12)","decl":{"start":{"line":197,"column":22},"end":{"line":197,"column":23}},"loc":{"start":{"line":197,"column":29},"end":{"line":197,"column":null}},"line":197},"13":{"name":"(anonymous_13)","decl":{"start":{"line":207,"column":85},"end":{"line":207,"column":86}},"loc":{"start":{"line":207,"column":92},"end":{"line":207,"column":124}},"line":207},"14":{"name":"(anonymous_14)","decl":{"start":{"line":222,"column":26},"end":{"line":222,"column":27}},"loc":{"start":{"line":222,"column":33},"end":{"line":222,"column":null}},"line":222},"15":{"name":"(anonymous_15)","decl":{"start":{"line":239,"column":99},"end":{"line":239,"column":100}},"loc":{"start":{"line":239,"column":106},"end":{"line":239,"column":135}},"line":239},"16":{"name":"(anonymous_16)","decl":{"start":{"line":240,"column":99},"end":{"line":240,"column":100}},"loc":{"start":{"line":240,"column":106},"end":{"line":240,"column":135}},"line":240},"17":{"name":"(anonymous_17)","decl":{"start":{"line":241,"column":97},"end":{"line":241,"column":98}},"loc":{"start":{"line":241,"column":104},"end":{"line":241,"column":133}},"line":241},"18":{"name":"(anonymous_18)","decl":{"start":{"line":255,"column":22},"end":{"line":255,"column":23}},"loc":{"start":{"line":255,"column":29},"end":{"line":255,"column":null}},"line":255},"19":{"name":"(anonymous_19)","decl":{"start":{"line":256,"column":23},"end":{"line":256,"column":24}},"loc":{"start":{"line":256,"column":30},"end":{"line":256,"column":null}},"line":256},"20":{"name":"(anonymous_20)","decl":{"start":{"line":264,"column":28},"end":{"line":264,"column":29}},"loc":{"start":{"line":265,"column":14},"end":{"line":272,"column":null}},"line":265},"21":{"name":"(anonymous_21)","decl":{"start":{"line":268,"column":25},"end":{"line":268,"column":31}},"loc":{"start":{"line":268,"column":31},"end":{"line":268,"column":null}},"line":268}},"branchMap":{"0":{"loc":{"start":{"line":39,"column":37},"end":{"line":39,"column":56}},"type":"binary-expr","locations":[{"start":{"line":39,"column":37},"end":{"line":39,"column":54}},{"start":{"line":39,"column":54},"end":{"line":39,"column":56}}],"line":39},"1":{"loc":{"start":{"line":40,"column":49},"end":{"line":40,"column":74}},"type":"binary-expr","locations":[{"start":{"line":40,"column":49},"end":{"line":40,"column":72}},{"start":{"line":40,"column":72},"end":{"line":40,"column":74}}],"line":40},"2":{"loc":{"start":{"line":41,"column":43},"end":{"line":41,"column":66}},"type":"binary-expr","locations":[{"start":{"line":41,"column":43},"end":{"line":41,"column":64}},{"start":{"line":41,"column":64},"end":{"line":41,"column":66}}],"line":41},"3":{"loc":{"start":{"line":42,"column":59},"end":{"line":42,"column":87}},"type":"binary-expr","locations":[{"start":{"line":42,"column":59},"end":{"line":42,"column":81}},{"start":{"line":42,"column":81},"end":{"line":42,"column":87}}],"line":42},"4":{"loc":{"start":{"line":43,"column":50},"end":{"line":43,"column":80}},"type":"binary-expr","locations":[{"start":{"line":43,"column":50},"end":{"line":43,"column":79}},{"start":{"line":43,"column":79},"end":{"line":43,"column":80}}],"line":43},"5":{"loc":{"start":{"line":44,"column":50},"end":{"line":44,"column":80}},"type":"binary-expr","locations":[{"start":{"line":44,"column":50},"end":{"line":44,"column":79}},{"start":{"line":44,"column":79},"end":{"line":44,"column":80}}],"line":44},"6":{"loc":{"start":{"line":45,"column":50},"end":{"line":45,"column":71}},"type":"binary-expr","locations":[{"start":{"line":45,"column":50},"end":{"line":45,"column":70}},{"start":{"line":45,"column":70},"end":{"line":45,"column":71}}],"line":45},"7":{"loc":{"start":{"line":46,"column":45},"end":{"line":46,"column":71}},"type":"binary-expr","locations":[{"start":{"line":46,"column":45},"end":{"line":46,"column":66}},{"start":{"line":46,"column":66},"end":{"line":46,"column":71}}],"line":46},"8":{"loc":{"start":{"line":47,"column":57},"end":{"line":47,"column":81}},"type":"binary-expr","locations":[{"start":{"line":47,"column":57},"end":{"line":47,"column":79}},{"start":{"line":47,"column":79},"end":{"line":47,"column":81}}],"line":47},"9":{"loc":{"start":{"line":50,"column":4},"end":{"line":50,"column":null}},"type":"binary-expr","locations":[{"start":{"line":50,"column":4},"end":{"line":50,"column":27}},{"start":{"line":50,"column":27},"end":{"line":50,"column":null}}],"line":50},"10":{"loc":{"start":{"line":53,"column":4},"end":{"line":53,"column":null}},"type":"binary-expr","locations":[{"start":{"line":53,"column":4},"end":{"line":53,"column":28}},{"start":{"line":53,"column":28},"end":{"line":53,"column":null}}],"line":53},"11":{"loc":{"start":{"line":55,"column":63},"end":{"line":55,"column":86}},"type":"binary-expr","locations":[{"start":{"line":55,"column":63},"end":{"line":55,"column":84}},{"start":{"line":55,"column":84},"end":{"line":55,"column":86}}],"line":55},"12":{"loc":{"start":{"line":58,"column":33},"end":{"line":58,"column":68}},"type":"binary-expr","locations":[{"start":{"line":58,"column":33},"end":{"line":58,"column":63}},{"start":{"line":58,"column":63},"end":{"line":58,"column":68}}],"line":58},"13":{"loc":{"start":{"line":61,"column":4},"end":{"line":61,"column":null}},"type":"cond-expr","locations":[{"start":{"line":61,"column":28},"end":{"line":61,"column":50}},{"start":{"line":61,"column":50},"end":{"line":61,"column":null}}],"line":61},"14":{"loc":{"start":{"line":70,"column":4},"end":{"line":70,"column":null}},"type":"if","locations":[{"start":{"line":70,"column":4},"end":{"line":70,"column":null}},{"start":{},"end":{}}],"line":70},"15":{"loc":{"start":{"line":78,"column":15},"end":{"line":78,"column":67}},"type":"cond-expr","locations":[{"start":{"line":78,"column":38},"end":{"line":78,"column":52}},{"start":{"line":78,"column":52},"end":{"line":78,"column":67}}],"line":78},"16":{"loc":{"start":{"line":86,"column":4},"end":{"line":88,"column":null}},"type":"if","locations":[{"start":{"line":86,"column":4},"end":{"line":88,"column":null}},{"start":{},"end":{}}],"line":86},"17":{"loc":{"start":{"line":86,"column":8},"end":{"line":86,"column":50}},"type":"binary-expr","locations":[{"start":{"line":86,"column":8},"end":{"line":86,"column":19}},{"start":{"line":86,"column":19},"end":{"line":86,"column":50}}],"line":86},"18":{"loc":{"start":{"line":100,"column":4},"
[...]
120,"column":27}},"loc":{"start":{"line":120,"column":33},"end":{"line":120,"column":null}},"line":120},"9":{"name":"(anonymous_9)","decl":{"start":{"line":193,"column":25},"end":{"line":193,"column":31}},"loc":{"start":{"line":193,"column":31},"end":{"line":193,"column":null}},"line":193}},"branchMap":{"0":{"loc":{"start":{"line":16,"column":17},"end":{"line":16,"column":null}},"type":"cond-expr","locations":[{"start":{"line":16,"column":28},"end":{"line":16,"column":52}},{"start":{"line":16,"column":52},"end":{"line":16,"column":null}}],"line":16},"1":{"loc":{"start":{"line":16,"column":28},"end":{"line":16,"column":52}},"type":"binary-expr","locations":[{"start":{"line":16,"column":28},"end":{"line":16,"column":48}},{"start":{"line":16,"column":48},"end":{"line":16,"column":52}}],"line":16},"2":{"loc":{"start":{"line":17,"column":16},"end":{"line":17,"column":null}},"type":"binary-expr","locations":[{"start":{"line":17,"column":16},"end":{"line":17,"column":31}},{"start":{"line":17,"column":31},"end":{"line":17,"column":null}}],"line":17},"3":{"loc":{"start":{"line":20,"column":4},"end":{"line":20,"column":null}},"type":"if","locations":[{"start":{"line":20,"column":4},"end":{"line":20,"column":null}},{"start":{},"end":{}}],"line":20},"4":{"loc":{"start":{"line":32,"column":15},"end":{"line":32,"column":74}},"type":"cond-expr","locations":[{"start":{"line":32,"column":38},"end":{"line":32,"column":52}},{"start":{"line":32,"column":52},"end":{"line":32,"column":74}}],"line":32},"5":{"loc":{"start":{"line":40,"column":4},"end":{"line":40,"column":null}},"type":"if","locations":[{"start":{"line":40,"column":4},"end":{"line":40,"column":null}},{"start":{},"end":{}}],"line":40},"6":{"loc":{"start":{"line":41,"column":4},"end":{"line":45,"column":null}},"type":"if","locations":[{"start":{"line":41,"column":4},"end":{"line":45,"column":null}},{"start":{"line":43,"column":11},"end":{"line":45,"column":null}}],"line":41},"7":{"loc":{"start":{"line":66,"column":14},"end":{"line":68,"column":null}},"type":"cond-expr","locations":[{"start":{"line":67,"column":18},"end":{"line":67,"column":null}},{"start":{"line":68,"column":18},"end":{"line":68,"column":null}}],"line":66},"8":{"loc":{"start":{"line":76,"column":14},"end":{"line":78,"column":null}},"type":"cond-expr","locations":[{"start":{"line":77,"column":18},"end":{"line":77,"column":null}},{"start":{"line":78,"column":18},"end":{"line":78,"column":null}}],"line":76},"9":{"loc":{"start":{"line":92,"column":16},"end":{"line":94,"column":null}},"type":"cond-expr","locations":[{"start":{"line":93,"column":20},"end":{"line":93,"column":null}},{"start":{"line":94,"column":20},"end":{"line":94,"column":null}}],"line":92},"10":{"loc":{"start":{"line":92,"column":16},"end":{"line":92,"column":null}},"type":"binary-expr","locations":[{"start":{"line":92,"column":16},"end":{"line":92,"column":29}},{"start":{"line":92,"column":29},"end":{"line":92,"column":null}}],"line":92},"11":{"loc":{"start":{"line":107,"column":14},"end":{"line":107,"column":null}},"type":"cond-expr","locations":[{"start":{"line":107,"column":25},"end":{"line":107,"column":44}},{"start":{"line":107,"column":44},"end":{"line":107,"column":null}}],"line":107},"12":{"loc":{"start":{"line":112,"column":11},"end":{"line":126,"column":null}},"type":"binary-expr","locations":[{"start":{"line":112,"column":11},"end":{"line":112,"column":null}},{"start":{"line":113,"column":12},"end":{"line":126,"column":null}}],"line":112},"13":{"loc":{"start":{"line":125,"column":15},"end":{"line":125,"column":null}},"type":"binary-expr","locations":[{"start":{"line":125,"column":15},"end":{"line":125,"column":27}},{"start":{"line":125,"column":27},"end":{"line":125,"column":null}}],"line":125},"14":{"loc":{"start":{"line":130,"column":9},"end":{"line":133,"column":null}},"type":"binary-expr","locations":[{"start":{"line":130,"column":9},"end":{"line":130,"column":null}},{"start":{"line":131,"column":10},"end":{"line":133,"column":null}}],"line":130},"15":{"loc":{"start":{"line":139,"column":20},"end":{"line":139,"column":null}},"type":"binary-expr","locations":[{"start":{"line":139,"column":20},"end":{"line":139,"column":30}},{"start":{"line":139,"column":30},"end":{"line":139,"column":null}}],"line":139},"16":{"loc":{"start":{"line":142,"column":11},"end":{"line":146,"column":null}},"type":"cond-expr","locations":[{"start":{"line":143,"column":14},"end":{"line":143,"column":null}},{"start":{"line":144,"column":14},"end":{"line":146,"column":null}}],"line":142},"17":{"loc":{"start":{"line":144,"column":14},"end":{"line":146,"column":null}},"type":"cond-expr","locations":[{"start":{"line":145,"column":16},"end":{"line":145,"column":null}},{"start":{"line":146,"column":16},"end":{"line":146,"column":null}}],"line":144},"18":{"loc":{"start":{"line":153,"column":11},"end":{"line":159,"column":null}},"type":"cond-expr","locations":[{"start":{"line":154,"column":12},"end":{"line":154,"column":null}},{"start":{"line":156,"column":12},"end":{"line":159,"column":null}}],"line":153},"19":{"loc":{"start":{"line":174,"column":7},"end":{"line":200,"column":null}},"type":"binary-expr","locations":[{"start":{"line":174,"column":7},"end":{"line":174,"column":null}},{"start":{"line":175,"column":8},"end":{"line":200,"column":null}}],"line":174},"20":{"loc":{"start":{"line":190,"column":17},"end":{"line":190,"column":null}},"type":"cond-expr","locations":[{"start":{"line":190,"column":27},"end":{"line":190,"column":46}},{"start":{"line":190,"column":46},"end":{"line":190,"column":null}}],"line":190}},"s":{"0":0,"1":0,"2":0,"3":0,"4":0,"5":0,"6":0,"7":0,"8":0,"9":0,"10":0,"11":0,"12":0,"13":0,"14":0,"15":0,"16":0,"17":0,"18":0,"19":0,"20":0,"21":0,"22":0,"23":0,"24":0,"25":0,"26":0,"27":0,"28":0,"29":0,"30":0,"31":0,"32":0,"33":0},"f":{"0":0,"1":0,"2":0,"3":0,"4":0,"5":0,"6":0,"7":0,"8":0,"9":0},"b":{"0":[0,0],"1":[0,0],"2":[0,0],"3":[0,0],"4":[0,0],"5":[0,0],"6":[0,0],"7":[0,0],"8":[0,0],"9":[0,0],"10":[0,0],"11":[0,0],"12":[0,0],"13":[0,0],"14":[0,0],"15":[0,0],"16":[0,0],"17":[0,0],"18":[0,0],"19":[0,0],"20":[0,0]},"meta":{"lastBranch":21,"lastFunction":10,"lastStatement":34,"seen":{"s:5:16:5:Infinity":0,"f:7:16:7:30":0,"s:8:30:8:Infinity":1,"s:9:26:9:Infinity":2,"s:10:30:10:Infinity":3,"s:11:28:11:Infinity":4,"s:12:36:12:Infinity":5,"s:13:28:13:Infinity":6,"s:14:24:14:Infinity":7,"s:16:17:16:Infinity":8,"b:16:28:16:52:16:52:16:Infinity":0,"b:16:28:16:48:16:48:16:52":1,"s:17:16:17:Infinity":9,"b:17:16:17:31:17:31:17:Infinity":2,"f:19:17:19:30":1,"b:20:4:20:Infinity:undefined:undefined:undefined:undefined":3,"s:20:4:20:Infinity":10,"s:20:16:20:Infinity":11,"s:21:4:21:Infinity":12,"s:22:4:22:Infinity":13,"s:23:4:36:Infinity":14,"s:24:31:29:Infinity":15,"s:30:6:30:Infinity":16,"s:32:6:32:Infinity":17,"b:32:38:32:52:32:52:32:74":4,"s:34:6:34:Infinity":18,"s:35:6:35:Infinity":19,"f:39:11:39:28":2,"b:40:4:40:Infinity:undefined:undefined:undefined:undefined":5,"s:40:4:40:Infinity":20,"s:40:16:40:Infinity":21,"b:41:4:45:Infinity:43:11:45:Infinity":6,"s:41:4:45:Infinity":22,"s:42:6:42:Infinity":23,"s:44:6:44:Infinity":24,"s:48:2:202:Infinity":25,"f:64:21:64:27":3,"s:64:27:64:Infinity":26,"b:67:18:67:Infinity:68:18:68:Infinity":7,"f:74:21:74:27":4,"s:74:27:74:Infinity":27,"b:77:18:77:Infinity:78:18:78:Infinity":8,"f:87:23:87:24":5,"s:88:12:98:Infinity":28,"f:90:23:90:29":6,"s:90:31:90:49":29,"s:90:49:90:68":30,"b:93:20:93:Infinity:94:20:94:Infinity":9,"b:92:16:92:29:92:29:92:Infinity":10,"f:105:21:105:27":7,"s:105:27:105:Infinity":31,"b:107:25:107:44:107:44:107:Infinity":11,"b:112:11:112:Infinity:113:12:126:Infinity":12,"f:120:26:120:27":8,"s:120:33:120:Infinity":32,"b:125:15:125:27:125:27:125:Infinity":13,"b:130:9:130:Infinity:131:10:133:Infinity":14,"b:139:20:139:30:139:30:139:Infinity":15,"b:143:14:143:Infinity:144:14:146:Infinity":16,"b:145:16:145:Infinity:146:16:146:Infinity":17,"b:154:12:154:Infinity:156:12:159:Infinity":18,"b:174:7:174:Infinity:175:8:200:Infinity":19,"b:190:27:190:46:190:46:190:Infinity":20,"f:193:25:193:31":9,"s:193:31:193:Infinity":33}}}
,"/Users/kevintran/Projects/MadeForSeconds/src/pages/SupportSuccessPage.tsx": {"path":"/Users/kevintran/Projects/MadeForSeconds/src/pages/SupportSuccessPage.tsx","statementMap":{"0":{"start":{"line":6,"column":21},"end":{"line":6,"column":null}},"1":{"start":{"line":7,"column":20},"end":{"line":7,"column":null}},"2":{"start":{"line":9,"column":28},"end":{"line":9,"column":null}},"3":{"start":{"line":10,"column":24},"end":{"line":10,"column":null}},"4":{"start":{"line":11,"column":36},"end":{"line":16,"column":null}},"5":{"start":{"line":18,"column":36},"end":{"line":18,"column":null}},"6":{"start":{"line":19,"column":22},"end":{"line":19,"column":null}},"7":{"start":{"line":20,"column":38},"end":{"line":20,"column":null}},"8":{"start":{"line":21,"column":26},"end":{"line":21,"column":null}},"9":{"start":{"line":22,"column":24},"end":{"line":22,"column":null}},"10":{"start":{"line":23,"column":32},"end":{"line":23,"column":null}},"11":{"start":{"line":24,"column":28},"end":{"line":24,"column":null}},"12":{"start":{"line":26,"column":2},"end":{"line":44,"column":null}},"13":{"start":{"line":27,"column":4},"end":{"line":31,"column":null}},"14":{"start":{"line":28,"column":6},"end":{"line":28,"column":null}},"15":{"start":{"line":29,"column":6},"end":{"line":29,"column":null}},"16":{"start":{"line":30,"column":6},"end":{"line":30,"column":null}},"17":{"start":{"line":33,"column":4},"end":{"line":43,"column":null}},"18":{"start":{"line":35,"column":8},"end":{"line":35,"column":null}},"19":{"start":{"line":36,"column":8},"end":{"line":38,"column":null}},"20":{"start":{"line":37,"column":10},"end":{"line":37,"column":null}},"21":{"start":{"line":41,"column":8},"end":{"line":41,"column":null}},"22":{"start":{"line":43,"column":21},"end":{"line":43,"column":38}},"23":{"start":{"line":47,"column":4},"end":{"line":47,"column":null}},"24":{"start":{"line":48,"column":4},"end":{"line":48,"column":null}},"25":{"start":{"line":48,"column":20},"end":{"line":48,"column":null}},"26":{"start":{"line":49,"column":4},"end":{"line":49,"column":null}},"27":{"start":{"line":50,"column":4},"end":{"line":50,"column":null}},"28":{"start":{"line":51,"column":4},"end":{"line":63,"column":null}},"29":{"start":{"line":52,"column":6},"end":{"line":57,"column":null}},"30":{"start":{"line":58,"column":6},"end":{"line":58,"column":null}},"31":{"start":{"line":60,"column":6},"end":{"line":60,"column":null}},"32":{"start":{"line":62,"column":6},"end":{"line":62,"column":null}},"33":{"start":{"line":66,"column":2},"end":{"line":72,"column":null}},"34":{"start":{"line":67,"column":4},"end":{"line":70,"column":null}},"35":{"start":{"line":74,"column":2},"end":{"line":90,"column":null}},"36":{"start":{"line":75,"column":4},"end":{"line":88,"column":null}},"37":{"start":{"line":92,"column":25},"end":{"line":92,"column":null}},"38":{"start":{"line":94,"column":2},"end":{"line":188,"column":null}},"39":{"start":{"line":123,"column":31},"end":{"line":123,"column":null}},"40":{"start":{"line":131,"column":31},"end":{"line":131,"column":null}},"41":{"start":{"line":142,"column":35},"end":{"line":142,"column":null}},"42":{"start":{"line":158,"column":31},"end":{"line":158,"column":null}}},"fnMap":{"0":{"name":"SupportSuccessPage","decl":{"start":{"line":5,"column":16},"end":{"line":5,"column":37}},"loc":{"start":{"line":5,"column":37},"end":{"line":190,"column":null}},"line":5},"1":{"name":"(anonymous_1)","decl":{"start":{"line":26,"column":12},"end":{"line":26,"column":18}},"loc":{"start":{"line":26,"column":18},"end":{"line":44,"column":5}},"line":26},"2":{"name":"(anonymous_2)","decl":{"start":{"line":34,"column":12},"end":{"line":34,"column":13}},"loc":{"start":{"line":34,"column":22},"end":{"line":39,"column":7}},"line":34},"3":{"name":"(anonymous_3)","decl":{"start":{"line":40,"column":13},"end":{"line":40,"column":14}},"loc":{"start":{"line":40,"column":22},"end":{"line":42,"column":7}},"line":40},"4":{"name":"(anonymous_4)","decl":{"start":{"line":43,"column":15},"end":{"line":43,"column":21}},"loc":{"start":{"line":43,"column":21},"end":{"line":43,"column":38}},"line":43},"5":{"name":"handleSave","decl":{"start":{"line":46,"column":17},"end":{"line":46,"column":28}},"loc":{"start":{"line":46,"column":42},"end":{"line":64,"column":null}},"line":46},"6":{"name":"(anonymous_6)","decl":{"start":{"line":123,"column":24},"end":{"line":123,"column":25}},"loc":{"start":{"line":123,"column":31},"end":{"line":123,"column":null}},"line":123},"7":{"name":"(anonymous_7)","decl":{"start":{"line":131,"column":24},"end":{"line":131,"column":25}},"loc":{"start":{"line":131,"column":31},"end":{"line":131,"column":null}},"line":131},"8":{"name":"(anonymous_8)","decl":{"start":{"line":142,"column":28},"end":{"line":142,"column":29}},"loc":{"start":{"line":142,"column":35},"end":{"line":142,"column":null}},"line":142},"9":{"name":"(anonymous_9)","decl":{"start":{"line":158,"column":25},"end":{"line":158,"column":31}},"loc":{"start":{"line":158,"column":31},"end":{"line":158,"column":null}},"line":158}},"branchMap":{"0":{"loc":{"start":{"line":27,"column":4},"end":{"line":31,"column":null}},"type":"if","locations":[{"start":{"line":27,"column":4},"end":{"line":31,"column":null}},{"start":{},"end":{}}],"line":27},"1":{"loc":{"start":{"line":36,"column":8},"end":{"line":38,"column":null}},"type":"if","locations":[{"start":{"line":36,"column":8},"end":{"line":38,"column":null}},{"start":{},"end":{}}],"line":36},"2":{"loc":{"start":{"line":41,"column":17},"end":{"line":41,"column":81}},"type":"cond-expr","locations":[{"start":{"line":41,"column":40},"end":{"line":41,"column":54}},{"start":{"line":41,"column":54},"end":{"line":41,"column":81}}],"line":41},"3":{"loc":{"start":{"line":48,"column":4},"end":{"line":48,"column":null}},"type":"if","locations":[{"start":{"line":48,"column":4},"end":{"line":48,"column":null}},{"start":{},"end":{}}],"line":48},"4":{"loc":{"start":{"line":66,"column":2},"end":{"line":72,"column":null}},"type":"if","locations":[{"start":{"line":66,"column":2},"end":{"line":72,"column":null}},{"start":{},"end":{}}],"line":66},"5":{"loc":{"start":{"line":74,"column":2},"end":{"line":90,"column":null}},"type":"if","locations":[{"start":{"line":74,"column":2},"end":{"line":90,"column":null}},{"start":{},"end":{}}],"line":74},"6":{"loc":{"start":{"line":103,"column":7},"end":{"line":108,"column":null}},"type":"binary-expr","locations":[{"start":{"line":103,"column":7},"end":{"line":103,"column":null}},{"start":{"line":104,"column":8},"end":{"line":108,"column":null}}],"line":103},"7":{"loc":{"start":{"line":105,"column":11},"end":{"line":107,"column":null}},"type":"cond-expr","locations":[{"start":{"line":106,"column":14},"end":{"line":106,"column":null}},{"start":{"line":107,"column":14},"end":{"line":107,"column":null}}],"line":105},"8":{"loc":{"start":{"line":111,"column":7},"end":{"line":180,"column":null}},"type":"cond-expr","locations":[{"start":{"line":112,"column":8},"end":{"line":168,"column":null}},{"start":{"line":169,"column":10},"end":{"line":180,"column":null}}],"line":111},"9":{"loc":{"start":{"line":111,"column":7},"end":{"line":111,"column":null}},"type":"binary-expr","locations":[{"start":{"line":111,"column":7},"end":{"line":111,"column":17}},{"start":{"line":111,"column":17},"end":{"line":111,"column":null}}],"line":111},"10":{"loc":{"start":{"line":137,"column":13},"end":{"line":146,"column":null}},"type":"binary-expr","locations":[{"start":{"line":137,"column":13},"end":{"line":137,"column":null}},{"start":{"line":138,"column":14},"end":{"line":146,"column":null}}],"line":137},"11":{"loc":{"start":{"line":151,"column":26},"end":{"line":151,"column":null}},"type":"binary-expr","locations":[{"start":{"line":151,"column":26},"end":{"line":151,"column":37}},{"start":{"line":151,"column":37},"end":{"line":151,"column":60}},{"start":{"line":151,"column":60},"end":{"line":151,"column":null}}],"line":151},"12":{"loc":{"start":{"line":154,"column":17},"end":{"line":154,"column":null}},"type":"cond-expr","locations":[{"start":{"line":154,"column":26},"end":{"line":154,"column":40}},{"start":{"line":154,"column":40},"end":{"line":154,"column":null}}],"line":154},"13":{"loc":{"start":{"line":164,"column":13},"end":{"line":165,"column":null}},"type":"binary-expr","locations":[{"start":{"line":164,"column":13},"end":{"line":164,"column":null}},{"start":{"line":165,"column":14},"end":{"line":165,"column":null}}],"line":164},"14":{"loc":{"start":{"line":169,"column":10},"end":{"line":180,"column":null}},"type":"cond-expr","locations":[{"start":{"line":170,"column":8},"end":{"line":179,"column":null}},{"start":{"line":180,"column":10},"end":{"line":180,"column":null}}],"line":169},"15":{"loc":{"start":{"line":172,"column":13},"end":{"line":174,"column":null}},"type":"cond-expr","locations":[{"start":{"line":173,"column":16},"end":{"line":173,"column":null}},{"start":{"line":174,"column":16},"end":{"line":174,"column":null}}],"line":172},"16":{"loc":{"start":{"line":176,"column":11},"end":{"line":177,"column":null}},"type":"binary-expr","locations":[{"start":{"line":176,"column":11},"end":{"line":176,"column":null}},{"start":{"line":177,"column":12},"end":{"line":177,"column":null}}],"line":176}},"s":{"0":0,"1":0,"2":0,"3":0,"4":0,"5":0,"6":0,"7":0,"8":0,"9":0,"10":0,"11":0,"12":0,"13":0,"14":0,"15":0,"16":0,"17":0,"18":0,"19":0,"20":0,"21":0,"22":0,"23":0,"24":0,"25":0,"26":0,"27":0,"28":0,"29":0,"30":0,"31":0,"32":0,"33":0,"34":0,"35":0,"36":0,"37":0,"38":0,"39":0,"40":0,"41":0,"42":0},"f":{"0":0,"1":0,"2":0,"3":0,"4":0,"5":0,"6":0,"7":0,"8":0,"9":0},"b":{"0":[0,0],"1":[0,0],"2":[0,0],"3":[0,0],"4":[0,0],"5":[0,0],"6":[0,0],"7":[0,0],"8":[0,0],"9":[0,0],"10":[0,0],"11":[0,0,0],"12":[0,0],"13":[0,0],"14":[0,0],"15":[0,0],"16":[0,0]},"meta":{"lastBranch":17,"lastFunction":10,"lastStatement":43,"seen":{"f:5:16:5:37":0,"s:6:21:6:Infinity":0,"s:7:20:7:Infinity":1,"s:9:28:9:Infinity":2,"s:10:24:10:Infinity":3,"s:11:36:16:Infinity":4,"s:18:36:18:Infinity":5,"s:19:22:19:Infinity":6,"s:20:38:20:Infinity":7,"s:21:26:21:Infinity":8,"s:22:24:22:Infinity":9,"s:23:32:23:Infinity":10,"s:24:28:24:Infinity":11,"s:26:2:44:Infinity":12,"f:26:12:26:18":1,"b:27:4:31:Infinity:undefined:undefined:undefined:undefined":0,"s:27:4:31:Infinity":13,"s:28:6:28:Infinity":14,"s:29:6:29:Infinity":15,"s:30:6:30:Infinity":16,"s:33:4:43:Infinity":17,"f:34:12:34:13":2,"s:35:8:35:Infinity":18,"b:36:8:38:Infinity:undefined:undefined:undefined:undefined":1,"s:36:8:38:Infinity":19,"s:37:10:37:Infinity":20,"f:40:13:40:14":3,"s:41:8:41:Infinity":21,"b:41:40:41:54:41:54:41:81":2,"f:43:15:43:21":4,"s:43:21:43:38":22,"f:46:17:46:28":5,"s:47:4:47:Infinity":23,"b:48:4:48:Infinity:undefined:undefined:undefined:undefined":3,"s:48:4:48:Infinity":24,"s:48:20:48:Infinity":25,"s:49:4:49:Infinity":26,"s:50:4:50:Infinity":27,"s:51:4:63:Infinity":28,"s:52:6:57:Infinity":29,"s:58:6:58:Infinity":30,"s:60:6:60:Infinity":31,"s:62:6:62:Infinity":32,"b:66:2:72:Infinity:undefined:undefined:undefined:undefined":4,"s:66:2:72:Infinity":33,"s:67:4:70:Infinity":34,"b:74:2:90:Infinity:undefined:undefined:undefined:undefined":5,"s:74:2:90:Infinity":35,"s:75:4:88:Infinity":36,"s:92:25:92:Infinity":37,"s:94:2:188:Infinity":38,"b:103:7:103:Infinity:104:8:108:Infinity":6,"b:106:14:106:Infinity:107:14:107:Infinity":7,"b:112:8:168:Infinity:169:10:180:Infinity":8,"b:111:7:111:17:111:17:111:Infinity":9,"f:123:24:123:25":6,"s:123:31:123:Infinity":39,"f:131:24:131:25":7,"s:131:31:131:Infinity":40,"b:137:13:137:Infinity:138:14:146:Infinity":10,"f:142:28:142:29":8,"s:142:35:142:Infinity":41,"b:151:26:151:37:151:37:151:60:151:60:151:Infinity":11,"b:154:26:154:40:154:40:154:Infinity":12,"f:158:25:158:31":9,"s:158:31:158:Infinity":42,"b:164:13:164:Infinity:165:14:165:Infinity":13,"b:170:8:179:Infinity:180:10:180:Infinity":14,"b:173:16:173:Infinity:174:16:174:Infinity":15,"b:176:11:176:Infinity:177:12:177:Infinity":16}}}
}
